

Microchip MPLAB XC8 Assembler V2.31 build 20201012212115 
                                                                                               Thu Mar 04 01:55:53 2021

Microchip MPLAB XC8 C Compiler v2.31 (Free license) build 20201012212115 Og1 
     1                           	processor	18F27Q43
     2                           	fnconf	rparam,??,?,0
     3                           	pagewidth 120
     4                           	opt	flic
     5                           	psect	cinit,global,reloc=2,class=CODE,delta=1
     6                           	psect	bssCOMRAM,global,class=COMRAM,space=1,delta=1,lowdata,noexec
     7                           	psect	cstackCOMRAM,global,class=COMRAM,space=1,delta=1,lowdata,noexec
     8                           	psect	text0,global,reloc=2,class=CODE,delta=1
     9                           	psect	text1,global,reloc=2,class=CODE,delta=1
    10                           	psect	text2,global,reloc=2,class=CODE,delta=1
    11                           	psect	text3,global,reloc=2,class=CODE,delta=1
    12                           	psect	text4,global,reloc=2,class=CODE,delta=1
    13                           	psect	text5,global,reloc=2,class=CODE,delta=1
    14                           	psect	text6,global,reloc=2,class=CODE,delta=1
    15                           	psect	text7,global,reloc=2,class=CODE,delta=1
    16                           	psect	intsave_regs,global,class=BIGRAM,space=1,delta=1,noexec
    17                           	psect	rparam,global,class=COMRAM,space=1,delta=1,noexec
    18                           	psect	idloc,global,abs,ovrld,class=IDLOC,space=5,delta=1,noexec
    19                           	psect	config,global,abs,ovrld,class=CONFIG,space=4,delta=1,noexec
    20  0000                     
    21                           ; Version 2.30
    22                           ; Generated 20/08/2020 GMT
    23                           ; 
    24                           ; Copyright © 2020, Microchip Technology Inc. and its subsidiaries ("Microchip")
    25                           ; All rights reserved.
    26                           ; 
    27                           ; This software is developed by Microchip Technology Inc. and its subsidiaries ("Microch
      +                          ip").
    28                           ; 
    29                           ; Redistribution and use in source and binary forms, with or without modification, are
    30                           ; permitted provided that the following conditions are met:
    31                           ; 
    32                           ;     1. Redistributions of source code must retain the above copyright notice, this lis
      +                          t of
    33                           ;        conditions and the following disclaimer.
    34                           ; 
    35                           ;     2. Redistributions in binary form must reproduce the above copyright notice, this 
      +                          list
    36                           ;        of conditions and the following disclaimer in the documentation and/or other
    37                           ;        materials provided with the distribution. Publication is not required when
    38                           ;        this file is used in an embedded application.
    39                           ; 
    40                           ;     3. Microchip's name may not be used to endorse or promote products derived from th
      +                          is
    41                           ;        software without specific prior written permission.
    42                           ; 
    43                           ; THIS SOFTWARE IS PROVIDED BY MICROCHIP "AS IS" AND ANY EXPRESS OR IMPLIED WARRANTIES,
    44                           ; INCLUDING, BUT NOT LIMITED TO, THE IMPLIED WARRANTIES OF MERCHANTABILITY AND FITNESS F
      +                          OR
    45                           ; PURPOSE ARE DISCLAIMED.  IN NO EVENT SHALL MICROCHIP BE LIABLE FOR ANY DIRECT, INDIREC
      +                          T,
    46                           ; INCIDENTAL, SPECIAL, EXEMPLARY, OR CONSEQUENTIAL DAMAGES (INCLUDING BUT NOT LIMITED TO
    47                           ; PROCUREMENT OF SUBSTITUTE GOODS OR SERVICES; LOSS OF USE, DATA OR PROFITS; OR BUSINESS
    48                           ; INTERRUPTION) HOWSOEVER CAUSED AND ON ANY THEORY OF LIABILITY, WHETHER IN CONTRACT, ST
      +                          RICT
    49                           ; LIABILITY, OR TORT (INCLUDING NEGLIGENCE OR OTHERWISE) ARISING IN ANY WAY OUT OF THE U
      +                          SE OF
    50                           ; THIS SOFTWARE, EVEN IF ADVISED OF THE POSSIBILITY OF SUCH DAMAGE.
    51                           ; 
    52                           ; 
    53                           ; Code-generator required, PIC18F27Q43 Definitions
    54                           ; 
    55                           ; SFR Addresses
    56  0000                     _TMR0L	set	792
    57  0000                     _TMR0H	set	793
    58  0000                     _T0CON1	set	795
    59  0000                     _T0CON0	set	794
    60  0000                     _ANSELA	set	1024
    61  0000                     _PIR3	set	1201
    62  0000                     _LATA	set	1214
    63  0000                     _TRISA	set	1222
    64                           
    65                           ; #config settings
    66                           
    67                           	psect	cinit
    68  01FF2E                     __pcinit:
    69                           	callstack 0
    70  01FF2E                     start_initialization:
    71                           	callstack 0
    72  01FF2E                     __initialization:
    73                           	callstack 0
    74                           
    75                           ; Clear objects allocated to COMRAM (15 bytes)
    76  01FF2E  EE01  F101         	lfsr	0,__pbssCOMRAM
    77  01FF32  0E0F               	movlw	15
    78  01FF34                     clear_0:
    79  01FF34  6AEE               	clrf	postinc0,c
    80  01FF36  06E8               	decf	wreg,f,c
    81  01FF38  E1FD               	bnz	clear_0
    82  01FF3A                     end_of_initialization:
    83                           	callstack 0
    84  01FF3A                     __end_of__initialization:
    85                           	callstack 0
    86  01FF3A  0100               	movlb	0
    87  01FF3C  EFDE  F0FF         	goto	_main	;jump to C main() function
    88                           
    89                           	psect	bssCOMRAM
    90  000501                     __pbssCOMRAM:
    91                           	callstack 0
    92  000501                     _G_u32SystemFlags:
    93                           	callstack 0
    94  000501                     	ds	4
    95  000505                     _G_u32SystemTime1s:
    96                           	callstack 0
    97  000505                     	ds	4
    98  000509                     _G_u32SystemTime1ms:
    99                           	callstack 0
   100  000509                     	ds	4
   101  00050D                     UserAppRun@u16CallCounter:
   102                           	callstack 0
   103  00050D                     	ds	2
   104  00050F                     _G_u8UserAppFlags:
   105                           	callstack 0
   106  00050F                     	ds	1
   107                           
   108                           	psect	cstackCOMRAM
   109  000510                     __pcstackCOMRAM:
   110                           	callstack 0
   111  000510                     UserAppRun@u8LATATemp:
   112                           	callstack 0
   113  000510                     TimeXus@u16TimerTime:
   114                           	callstack 0
   115                           
   116                           ; 2 bytes @ 0x0
   117  000510                     	ds	2
   118  000512                     ??_TimeXus:
   119                           
   120                           ; 1 bytes @ 0x2
   121  000512                     	ds	2
   122  000514                     
   123                           ; 1 bytes @ 0x4
   124 ;;
   125 ;;Main: autosize = 0, tempsize = 0, incstack = 0, save=0
   126 ;;
   127 ;; *************** function _main *****************
   128 ;; Defined at:
   129 ;;		line 35 in file "main.c"
   130 ;; Parameters:    Size  Location     Type
   131 ;;		None
   132 ;; Auto vars:     Size  Location     Type
   133 ;;		None
   134 ;; Return value:  Size  Location     Type
   135 ;;                  1    wreg      void 
   136 ;; Registers used:
   137 ;;		wreg, status,2, status,0, cstack
   138 ;; Tracked objects:
   139 ;;		On entry : 0/0
   140 ;;		On exit  : 0/0
   141 ;;		Unchanged: 0/0
   142 ;; Data sizes:     COMRAM   BANK5   BANK6   BANK7   BANK8   BANK9  BANK10  BANK11  BANK12  BANK13  BANK14  BANK15  BANK1
      +6  BANK17  BANK18  BANK19  BANK20  BANK21  BANK22  BANK23  BANK24  BANK25  BANK26  BANK27  BANK28  BANK29  BANK30  BANK3
      +1  BANK32  BANK33  BANK34  BANK35  BANK36  BANK37
   143 ;;      Params:         0       0       0       0       0       0       0       0       0       0       0       0       
      +0       0       0       0       0       0       0       0       0       0       0       0       0       0       0       
      +0       0       0       0       0       0       0
   144 ;;      Locals:         0       0       0       0       0       0       0       0       0       0       0       0       
      +0       0       0       0       0       0       0       0       0       0       0       0       0       0       0       
      +0       0       0       0       0       0       0
   145 ;;      Temps:          0       0       0       0       0       0       0       0       0       0       0       0       
      +0       0       0       0       0       0       0       0       0       0       0       0       0       0       0       
      +0       0       0       0       0       0       0
   146 ;;      Totals:         0       0       0       0       0       0       0       0       0       0       0       0       
      +0       0       0       0       0       0       0       0       0       0       0       0       0       0       0       
      +0       0       0       0       0       0       0
   147 ;;Total ram usage:        0 bytes
   148 ;; Hardware stack levels required when called:    1
   149 ;; This function calls:
   150 ;;		_ClockSetup
   151 ;;		_GpioSetup
   152 ;;		_SysTickSetup
   153 ;;		_SystemSleep
   154 ;;		_TimeXus
   155 ;;		_UserAppInitialize
   156 ;;		_UserAppRun
   157 ;; This function is called by:
   158 ;;		Startup code after reset
   159 ;; This function uses a non-reentrant model
   160 ;;
   161                           
   162                           	psect	text0
   163  01FFBC                     __ptext0:
   164                           	callstack 0
   165  01FFBC                     _main:
   166                           	callstack 127
   167  01FFBC                     
   168                           ;main.c: 37:   G_u32SystemFlags |= (u32)0x80000000;
   169  01FFBC  8E04               	bsf	(_G_u32SystemFlags+3)^(0+1280),7,c	;volatile
   170  01FFBE                     
   171                           ;main.c: 40:   ClockSetup();
   172  01FFBE  EC85  F0FF         	call	_ClockSetup	;wreg free
   173  01FFC2                     
   174                           ;main.c: 41:   SysTickSetup();
   175  01FFC2  ECA0  F0FF         	call	_SysTickSetup	;wreg free
   176  01FFC6                     
   177                           ;main.c: 42:   GpioSetup();
   178  01FFC6  EC87  F0FF         	call	_GpioSetup	;wreg free
   179  01FFCA                     
   180                           ;main.c: 47:   UserAppInitialize();
   181  01FFCA  EC8F  F0FF         	call	_UserAppInitialize	;wreg free
   182  01FFCE                     l823:
   183                           
   184                           ;main.c: 53:   {;main.c: 57:     UserAppRun();
   185  01FFCE  ECC2  F0FF         	call	_UserAppRun	;wreg free
   186  01FFD2                     
   187                           ;main.c: 61:     (LATA &= 0x7F);
   188  01FFD2  9EBE               	bcf	190,7,c	;volatile
   189  01FFD4                     
   190                           ;main.c: 62:     SystemSleep();
   191  01FFD4  EC86  F0FF         	call	_SystemSleep	;wreg free
   192  01FFD8                     
   193                           ;main.c: 63:     TimeXus(1000);
   194  01FFD8  0E03               	movlw	3
   195  01FFDA  6E11               	movwf	(TimeXus@u16TimerTime+1)^(0+1280),c
   196  01FFDC  0EE8               	movlw	232
   197  01FFDE  6E10               	movwf	TimeXus@u16TimerTime^(0+1280),c
   198  01FFE0  ECB1  F0FF         	call	_TimeXus	;wreg free
   199  01FFE4                     l52:
   200                           
   201                           ;main.c: 65:     while ( (PIR3 & 0x80) == 0x00)
   202  01FFE4  AEB1               	btfss	177,7,c	;volatile
   203  01FFE6  EFF7  F0FF         	goto	u31
   204  01FFEA  EFF9  F0FF         	goto	u30
   205  01FFEE                     u31:
   206  01FFEE  EFF2  F0FF         	goto	l52
   207  01FFF2                     u30:
   208  01FFF2                     
   209                           ;main.c: 68:     (LATA |= 0x80);
   210  01FFF2  8EBE               	bsf	190,7,c	;volatile
   211  01FFF4  EFE7  F0FF         	goto	l823
   212  01FFF8  EFFE  F0FF         	goto	start
   213  01FFFC                     __end_of_main:
   214                           	callstack 0
   215                           
   216 ;; *************** function _UserAppRun *****************
   217 ;; Defined at:
   218 ;;		line 104 in file "user_app.c"
   219 ;; Parameters:    Size  Location     Type
   220 ;;		None
   221 ;; Auto vars:     Size  Location     Type
   222 ;;  u8LATATemp      1    0[COMRAM] unsigned char 
   223 ;; Return value:  Size  Location     Type
   224 ;;                  1    wreg      void 
   225 ;; Registers used:
   226 ;;		wreg, status,2, status,0
   227 ;; Tracked objects:
   228 ;;		On entry : 0/0
   229 ;;		On exit  : 0/0
   230 ;;		Unchanged: 0/0
   231 ;; Data sizes:     COMRAM   BANK5   BANK6   BANK7   BANK8   BANK9  BANK10  BANK11  BANK12  BANK13  BANK14  BANK15  BANK1
      +6  BANK17  BANK18  BANK19  BANK20  BANK21  BANK22  BANK23  BANK24  BANK25  BANK26  BANK27  BANK28  BANK29  BANK30  BANK3
      +1  BANK32  BANK33  BANK34  BANK35  BANK36  BANK37
   232 ;;      Params:         0       0       0       0       0       0       0       0       0       0       0       0       
      +0       0       0       0       0       0       0       0       0       0       0       0       0       0       0       
      +0       0       0       0       0       0       0
   233 ;;      Locals:         1       0       0       0       0       0       0       0       0       0       0       0       
      +0       0       0       0       0       0       0       0       0       0       0       0       0       0       0       
      +0       0       0       0       0       0       0
   234 ;;      Temps:          0       0       0       0       0       0       0       0       0       0       0       0       
      +0       0       0       0       0       0       0       0       0       0       0       0       0       0       0       
      +0       0       0       0       0       0       0
   235 ;;      Totals:         1       0       0       0       0       0       0       0       0       0       0       0       
      +0       0       0       0       0       0       0       0       0       0       0       0       0       0       0       
      +0       0       0       0       0       0       0
   236 ;;Total ram usage:        1 bytes
   237 ;; Hardware stack levels used:    1
   238 ;; This function calls:
   239 ;;		Nothing
   240 ;; This function is called by:
   241 ;;		_main
   242 ;; This function uses a non-reentrant model
   243 ;;
   244                           
   245                           	psect	text1
   246  01FF84                     __ptext1:
   247                           	callstack 0
   248  01FF84                     _UserAppRun:
   249                           	callstack 127
   250  01FF84                     
   251                           ;user_app.c: 106:     static u16 u16CallCounter = 0;;user_app.c: 107:     u16CallCounter
      +                           += 1;
   252  01FF84  4A0D               	infsnz	UserAppRun@u16CallCounter^(0+1280),f,c
   253  01FF86  2A0E               	incf	(UserAppRun@u16CallCounter+1)^(0+1280),f,c
   254  01FF88                     
   255                           ;user_app.c: 109:     u8 u8LATATemp = LATA;
   256  01FF88  0061 F2F8  F510    	movff	1214,UserAppRun@u8LATATemp	;volatile
   257  01FF8E                     
   258                           ;user_app.c: 110:     u8LATATemp &= 0xC0;
   259  01FF8E  0EC0               	movlw	192
   260  01FF90  1610               	andwf	UserAppRun@u8LATATemp^(0+1280),f,c
   261  01FF92                     
   262                           ;user_app.c: 113:      if (u16CallCounter == 500)
   263  01FF92  0EF4               	movlw	244
   264  01FF94  180D               	xorwf	UserAppRun@u16CallCounter^(0+1280),w,c
   265  01FF96  E106               	bnz	u11
   266  01FF98  040E               	decf	(UserAppRun@u16CallCounter+1)^(0+1280),w,c
   267  01FF9A  A4D8               	btfss	status,2,c
   268  01FF9C  EFD2  F0FF         	goto	u11
   269  01FFA0  EFD4  F0FF         	goto	u10
   270  01FFA4                     u11:
   271  01FFA4  EFDD  F0FF         	goto	l80
   272  01FFA8                     u10:
   273  01FFA8                     
   274                           ;user_app.c: 114:     {;user_app.c: 115:         u16CallCounter = 0;
   275  01FFA8  0E00               	movlw	0
   276  01FFAA  6E0E               	movwf	(UserAppRun@u16CallCounter+1)^(0+1280),c
   277  01FFAC  0E00               	movlw	0
   278  01FFAE  6E0D               	movwf	UserAppRun@u16CallCounter^(0+1280),c
   279  01FFB0                     
   280                           ;user_app.c: 116:         u8LATATemp ^= 0x01;
   281  01FFB0  0E01               	movlw	1
   282  01FFB2  1A10               	xorwf	UserAppRun@u8LATATemp^(0+1280),f,c
   283  01FFB4                     
   284                           ;user_app.c: 117:         LATA = u8LATATemp;
   285  01FFB4  0061  F440  F4BE   	movff	UserAppRun@u8LATATemp,1214	;volatile
   286  01FFBA                     l80:
   287  01FFBA  0012               	return		;funcret
   288  01FFBC                     __end_of_UserAppRun:
   289                           	callstack 0
   290                           
   291 ;; *************** function _UserAppInitialize *****************
   292 ;; Defined at:
   293 ;;		line 77 in file "user_app.c"
   294 ;; Parameters:    Size  Location     Type
   295 ;;		None
   296 ;; Auto vars:     Size  Location     Type
   297 ;;		None
   298 ;; Return value:  Size  Location     Type
   299 ;;                  1    wreg      void 
   300 ;; Registers used:
   301 ;;		wreg, status,2
   302 ;; Tracked objects:
   303 ;;		On entry : 0/0
   304 ;;		On exit  : 0/0
   305 ;;		Unchanged: 0/0
   306 ;; Data sizes:     COMRAM   BANK5   BANK6   BANK7   BANK8   BANK9  BANK10  BANK11  BANK12  BANK13  BANK14  BANK15  BANK1
      +6  BANK17  BANK18  BANK19  BANK20  BANK21  BANK22  BANK23  BANK24  BANK25  BANK26  BANK27  BANK28  BANK29  BANK30  BANK3
      +1  BANK32  BANK33  BANK34  BANK35  BANK36  BANK37
   307 ;;      Params:         0       0       0       0       0       0       0       0       0       0       0       0       
      +0       0       0       0       0       0       0       0       0       0       0       0       0       0       0       
      +0       0       0       0       0       0       0
   308 ;;      Locals:         0       0       0       0       0       0       0       0       0       0       0       0       
      +0       0       0       0       0       0       0       0       0       0       0       0       0       0       0       
      +0       0       0       0       0       0       0
   309 ;;      Temps:          0       0       0       0       0       0       0       0       0       0       0       0       
      +0       0       0       0       0       0       0       0       0       0       0       0       0       0       0       
      +0       0       0       0       0       0       0
   310 ;;      Totals:         0       0       0       0       0       0       0       0       0       0       0       0       
      +0       0       0       0       0       0       0       0       0       0       0       0       0       0       0       
      +0       0       0       0       0       0       0
   311 ;;Total ram usage:        0 bytes
   312 ;; Hardware stack levels used:    1
   313 ;; This function calls:
   314 ;;		Nothing
   315 ;; This function is called by:
   316 ;;		_main
   317 ;; This function uses a non-reentrant model
   318 ;;
   319                           
   320                           	psect	text2
   321  01FF1E                     __ptext2:
   322                           	callstack 0
   323  01FF1E                     _UserAppInitialize:
   324                           	callstack 127
   325  01FF1E                     
   326                           ;user_app.c: 80:     LATA = 0x80;
   327  01FF1E  0E80               	movlw	128
   328  01FF20  6EBE               	movwf	190,c	;volatile
   329                           
   330                           ;user_app.c: 83:     T0CON0 = 0xF0;
   331  01FF22  0EF0               	movlw	240
   332  01FF24  0103               	movlb	3	; () banked
   333  01FF26  6F1A               	movwf	26,b	;volatile
   334                           
   335                           ;user_app.c: 86:     T0CON1 = 0x54;
   336  01FF28  0E54               	movlw	84
   337  01FF2A  6F1B               	movwf	27,b	;volatile
   338  01FF2C                     
   339                           ; BSR set to: 3
   340  01FF2C  0012               	return		;funcret
   341  01FF2E                     __end_of_UserAppInitialize:
   342                           	callstack 0
   343                           
   344 ;; *************** function _TimeXus *****************
   345 ;; Defined at:
   346 ;;		line 139 in file "user_app.c"
   347 ;; Parameters:    Size  Location     Type
   348 ;;  u16TimerTime    2    0[COMRAM] unsigned short 
   349 ;; Auto vars:     Size  Location     Type
   350 ;;		None
   351 ;; Return value:  Size  Location     Type
   352 ;;                  1    wreg      void 
   353 ;; Registers used:
   354 ;;		wreg, status,2, status,0
   355 ;; Tracked objects:
   356 ;;		On entry : 0/0
   357 ;;		On exit  : 0/0
   358 ;;		Unchanged: 0/0
   359 ;; Data sizes:     COMRAM   BANK5   BANK6   BANK7   BANK8   BANK9  BANK10  BANK11  BANK12  BANK13  BANK14  BANK15  BANK1
      +6  BANK17  BANK18  BANK19  BANK20  BANK21  BANK22  BANK23  BANK24  BANK25  BANK26  BANK27  BANK28  BANK29  BANK30  BANK3
      +1  BANK32  BANK33  BANK34  BANK35  BANK36  BANK37
   360 ;;      Params:         2       0       0       0       0       0       0       0       0       0       0       0       
      +0       0       0       0       0       0       0       0       0       0       0       0       0       0       0       
      +0       0       0       0       0       0       0
   361 ;;      Locals:         0       0       0       0       0       0       0       0       0       0       0       0       
      +0       0       0       0       0       0       0       0       0       0       0       0       0       0       0       
      +0       0       0       0       0       0       0
   362 ;;      Temps:          2       0       0       0       0       0       0       0       0       0       0       0       
      +0       0       0       0       0       0       0       0       0       0       0       0       0       0       0       
      +0       0       0       0       0       0       0
   363 ;;      Totals:         4       0       0       0       0       0       0       0       0       0       0       0       
      +0       0       0       0       0       0       0       0       0       0       0       0       0       0       0       
      +0       0       0       0       0       0       0
   364 ;;Total ram usage:        4 bytes
   365 ;; Hardware stack levels used:    1
   366 ;; This function calls:
   367 ;;		Nothing
   368 ;; This function is called by:
   369 ;;		_main
   370 ;; This function uses a non-reentrant model
   371 ;;
   372                           
   373                           	psect	text3
   374  01FF62                     __ptext3:
   375                           	callstack 0
   376  01FF62                     _TimeXus:
   377                           	callstack 127
   378  01FF62                     
   379                           ;user_app.c: 139: void TimeXus(u16 u16TimerTime);user_app.c: 140: {;user_app.c: 143:    
      +                           T0CON0 &= 0x7F;
   380  01FF62  0103               	movlb	3	; () banked
   381  01FF64  9F1A               	bcf	26,7,b	;volatile
   382  01FF66                     
   383                           ; BSR set to: 3
   384                           ;user_app.c: 145:     TMR0H = (0xFFFF - u16TimerTime) >> 8;
   385  01FF66  1C10               	comf	TimeXus@u16TimerTime^(0+1280),w,c
   386  01FF68  6E12               	movwf	??_TimeXus^(0+1280),c
   387  01FF6A  1C11               	comf	(TimeXus@u16TimerTime+1)^(0+1280),w,c
   388  01FF6C  6E13               	movwf	(??_TimeXus+1)^(0+1280),c
   389  01FF6E  C513  F512         	movff	??_TimeXus+1,??_TimeXus
   390  01FF72  6A13               	clrf	(??_TimeXus+1)^(0+1280),c
   391  01FF74  5012               	movf	??_TimeXus^(0+1280),w,c
   392  01FF76  6F19               	movwf	25,b	;volatile
   393  01FF78                     
   394                           ; BSR set to: 3
   395                           ;user_app.c: 149:     TMR0L = (0xFFFF - u16TimerTime) & 0x00FF;
   396  01FF78  5010               	movf	TimeXus@u16TimerTime^(0+1280),w,c
   397  01FF7A  0AFF               	xorlw	255
   398  01FF7C  6F18               	movwf	24,b	;volatile
   399                           
   400                           ;user_app.c: 152:     PIR3 &= 0x7F;
   401  01FF7E  9EB1               	bcf	177,7,c	;volatile
   402                           
   403                           ;user_app.c: 153:     T0CON0 |= 0x80;
   404  01FF80  8F1A               	bsf	26,7,b	;volatile
   405  01FF82                     
   406                           ; BSR set to: 3
   407  01FF82  0012               	return		;funcret
   408  01FF84                     __end_of_TimeXus:
   409                           	callstack 0
   410                           
   411 ;; *************** function _SystemSleep *****************
   412 ;; Defined at:
   413 ;;		line 131 in file "encm369_pic18.c"
   414 ;; Parameters:    Size  Location     Type
   415 ;;		None
   416 ;; Auto vars:     Size  Location     Type
   417 ;;		None
   418 ;; Return value:  Size  Location     Type
   419 ;;                  1    wreg      void 
   420 ;; Registers used:
   421 ;;		None
   422 ;; Tracked objects:
   423 ;;		On entry : 0/0
   424 ;;		On exit  : 0/0
   425 ;;		Unchanged: 0/0
   426 ;; Data sizes:     COMRAM   BANK5   BANK6   BANK7   BANK8   BANK9  BANK10  BANK11  BANK12  BANK13  BANK14  BANK15  BANK1
      +6  BANK17  BANK18  BANK19  BANK20  BANK21  BANK22  BANK23  BANK24  BANK25  BANK26  BANK27  BANK28  BANK29  BANK30  BANK3
      +1  BANK32  BANK33  BANK34  BANK35  BANK36  BANK37
   427 ;;      Params:         0       0       0       0       0       0       0       0       0       0       0       0       
      +0       0       0       0       0       0       0       0       0       0       0       0       0       0       0       
      +0       0       0       0       0       0       0
   428 ;;      Locals:         0       0       0       0       0       0       0       0       0       0       0       0       
      +0       0       0       0       0       0       0       0       0       0       0       0       0       0       0       
      +0       0       0       0       0       0       0
   429 ;;      Temps:          0       0       0       0       0       0       0       0       0       0       0       0       
      +0       0       0       0       0       0       0       0       0       0       0       0       0       0       0       
      +0       0       0       0       0       0       0
   430 ;;      Totals:         0       0       0       0       0       0       0       0       0       0       0       0       
      +0       0       0       0       0       0       0       0       0       0       0       0       0       0       0       
      +0       0       0       0       0       0       0
   431 ;;Total ram usage:        0 bytes
   432 ;; Hardware stack levels used:    1
   433 ;; This function calls:
   434 ;;		Nothing
   435 ;; This function is called by:
   436 ;;		_main
   437 ;; This function uses a non-reentrant model
   438 ;;
   439                           
   440                           	psect	text4
   441  01FF0C                     __ptext4:
   442                           	callstack 0
   443  01FF0C                     _SystemSleep:
   444                           	callstack 127
   445  01FF0C  0012               	return		;funcret
   446  01FF0E                     __end_of_SystemSleep:
   447                           	callstack 0
   448                           
   449 ;; *************** function _SysTickSetup *****************
   450 ;; Defined at:
   451 ;;		line 109 in file "encm369_pic18.c"
   452 ;; Parameters:    Size  Location     Type
   453 ;;		None
   454 ;; Auto vars:     Size  Location     Type
   455 ;;		None
   456 ;; Return value:  Size  Location     Type
   457 ;;                  1    wreg      void 
   458 ;; Registers used:
   459 ;;		wreg, status,2
   460 ;; Tracked objects:
   461 ;;		On entry : 0/0
   462 ;;		On exit  : 0/0
   463 ;;		Unchanged: 0/0
   464 ;; Data sizes:     COMRAM   BANK5   BANK6   BANK7   BANK8   BANK9  BANK10  BANK11  BANK12  BANK13  BANK14  BANK15  BANK1
      +6  BANK17  BANK18  BANK19  BANK20  BANK21  BANK22  BANK23  BANK24  BANK25  BANK26  BANK27  BANK28  BANK29  BANK30  BANK3
      +1  BANK32  BANK33  BANK34  BANK35  BANK36  BANK37
   465 ;;      Params:         0       0       0       0       0       0       0       0       0       0       0       0       
      +0       0       0       0       0       0       0       0       0       0       0       0       0       0       0       
      +0       0       0       0       0       0       0
   466 ;;      Locals:         0       0       0       0       0       0       0       0       0       0       0       0       
      +0       0       0       0       0       0       0       0       0       0       0       0       0       0       0       
      +0       0       0       0       0       0       0
   467 ;;      Temps:          0       0       0       0       0       0       0       0       0       0       0       0       
      +0       0       0       0       0       0       0       0       0       0       0       0       0       0       0       
      +0       0       0       0       0       0       0
   468 ;;      Totals:         0       0       0       0       0       0       0       0       0       0       0       0       
      +0       0       0       0       0       0       0       0       0       0       0       0       0       0       0       
      +0       0       0       0       0       0       0
   469 ;;Total ram usage:        0 bytes
   470 ;; Hardware stack levels used:    1
   471 ;; This function calls:
   472 ;;		Nothing
   473 ;; This function is called by:
   474 ;;		_main
   475 ;; This function uses a non-reentrant model
   476 ;;
   477                           
   478                           	psect	text5
   479  01FF40                     __ptext5:
   480                           	callstack 0
   481  01FF40                     _SysTickSetup:
   482                           	callstack 127
   483  01FF40                     
   484                           ;encm369_pic18.c: 111:   G_u32SystemTime1ms = 0;
   485  01FF40  0E00               	movlw	0
   486  01FF42  6E09               	movwf	_G_u32SystemTime1ms^(0+1280),c	;volatile
   487  01FF44  0E00               	movlw	0
   488  01FF46  6E0A               	movwf	(_G_u32SystemTime1ms+1)^(0+1280),c	;volatile
   489  01FF48  0E00               	movlw	0
   490  01FF4A  6E0B               	movwf	(_G_u32SystemTime1ms+2)^(0+1280),c	;volatile
   491  01FF4C  0E00               	movlw	0
   492  01FF4E  6E0C               	movwf	(_G_u32SystemTime1ms+3)^(0+1280),c	;volatile
   493                           
   494                           ;encm369_pic18.c: 112:   G_u32SystemTime1s = 0;
   495  01FF50  0E00               	movlw	0
   496  01FF52  6E05               	movwf	_G_u32SystemTime1s^(0+1280),c	;volatile
   497  01FF54  0E00               	movlw	0
   498  01FF56  6E06               	movwf	(_G_u32SystemTime1s+1)^(0+1280),c	;volatile
   499  01FF58  0E00               	movlw	0
   500  01FF5A  6E07               	movwf	(_G_u32SystemTime1s+2)^(0+1280),c	;volatile
   501  01FF5C  0E00               	movlw	0
   502  01FF5E  6E08               	movwf	(_G_u32SystemTime1s+3)^(0+1280),c	;volatile
   503  01FF60  0012               	return		;funcret
   504  01FF62                     __end_of_SysTickSetup:
   505                           	callstack 0
   506                           
   507 ;; *************** function _GpioSetup *****************
   508 ;; Defined at:
   509 ;;		line 89 in file "encm369_pic18.c"
   510 ;; Parameters:    Size  Location     Type
   511 ;;		None
   512 ;; Auto vars:     Size  Location     Type
   513 ;;		None
   514 ;; Return value:  Size  Location     Type
   515 ;;                  1    wreg      void 
   516 ;; Registers used:
   517 ;;		wreg, status,2
   518 ;; Tracked objects:
   519 ;;		On entry : 0/0
   520 ;;		On exit  : 0/0
   521 ;;		Unchanged: 0/0
   522 ;; Data sizes:     COMRAM   BANK5   BANK6   BANK7   BANK8   BANK9  BANK10  BANK11  BANK12  BANK13  BANK14  BANK15  BANK1
      +6  BANK17  BANK18  BANK19  BANK20  BANK21  BANK22  BANK23  BANK24  BANK25  BANK26  BANK27  BANK28  BANK29  BANK30  BANK3
      +1  BANK32  BANK33  BANK34  BANK35  BANK36  BANK37
   523 ;;      Params:         0       0       0       0       0       0       0       0       0       0       0       0       
      +0       0       0       0       0       0       0       0       0       0       0       0       0       0       0       
      +0       0       0       0       0       0       0
   524 ;;      Locals:         0       0       0       0       0       0       0       0       0       0       0       0       
      +0       0       0       0       0       0       0       0       0       0       0       0       0       0       0       
      +0       0       0       0       0       0       0
   525 ;;      Temps:          0       0       0       0       0       0       0       0       0       0       0       0       
      +0       0       0       0       0       0       0       0       0       0       0       0       0       0       0       
      +0       0       0       0       0       0       0
   526 ;;      Totals:         0       0       0       0       0       0       0       0       0       0       0       0       
      +0       0       0       0       0       0       0       0       0       0       0       0       0       0       0       
      +0       0       0       0       0       0       0
   527 ;;Total ram usage:        0 bytes
   528 ;; Hardware stack levels used:    1
   529 ;; This function calls:
   530 ;;		Nothing
   531 ;; This function is called by:
   532 ;;		_main
   533 ;; This function uses a non-reentrant model
   534 ;;
   535                           
   536                           	psect	text6
   537  01FF0E                     __ptext6:
   538                           	callstack 0
   539  01FF0E                     _GpioSetup:
   540                           	callstack 127
   541  01FF0E                     
   542                           ;encm369_pic18.c: 91:     ANSELA = 0x00;
   543  01FF0E  0E00               	movlw	0
   544  01FF10  0104               	movlb	4	; () banked
   545  01FF12  6F00               	movwf	0,b	;volatile
   546                           
   547                           ;encm369_pic18.c: 92:     TRISA = 0x00;
   548  01FF14  0E00               	movlw	0
   549  01FF16  6EC6               	movwf	198,c	;volatile
   550                           
   551                           ;encm369_pic18.c: 93:     LATA = 0x00;
   552  01FF18  0E00               	movlw	0
   553  01FF1A  6EBE               	movwf	190,c	;volatile
   554  01FF1C                     
   555                           ; BSR set to: 4
   556  01FF1C  0012               	return		;funcret
   557  01FF1E                     __end_of_GpioSetup:
   558                           	callstack 0
   559                           
   560 ;; *************** function _ClockSetup *****************
   561 ;; Defined at:
   562 ;;		line 69 in file "encm369_pic18.c"
   563 ;; Parameters:    Size  Location     Type
   564 ;;		None
   565 ;; Auto vars:     Size  Location     Type
   566 ;;		None
   567 ;; Return value:  Size  Location     Type
   568 ;;                  1    wreg      void 
   569 ;; Registers used:
   570 ;;		None
   571 ;; Tracked objects:
   572 ;;		On entry : 0/0
   573 ;;		On exit  : 0/0
   574 ;;		Unchanged: 0/0
   575 ;; Data sizes:     COMRAM   BANK5   BANK6   BANK7   BANK8   BANK9  BANK10  BANK11  BANK12  BANK13  BANK14  BANK15  BANK1
      +6  BANK17  BANK18  BANK19  BANK20  BANK21  BANK22  BANK23  BANK24  BANK25  BANK26  BANK27  BANK28  BANK29  BANK30  BANK3
      +1  BANK32  BANK33  BANK34  BANK35  BANK36  BANK37
   576 ;;      Params:         0       0       0       0       0       0       0       0       0       0       0       0       
      +0       0       0       0       0       0       0       0       0       0       0       0       0       0       0       
      +0       0       0       0       0       0       0
   577 ;;      Locals:         0       0       0       0       0       0       0       0       0       0       0       0       
      +0       0       0       0       0       0       0       0       0       0       0       0       0       0       0       
      +0       0       0       0       0       0       0
   578 ;;      Temps:          0       0       0       0       0       0       0       0       0       0       0       0       
      +0       0       0       0       0       0       0       0       0       0       0       0       0       0       0       
      +0       0       0       0       0       0       0
   579 ;;      Totals:         0       0       0       0       0       0       0       0       0       0       0       0       
      +0       0       0       0       0       0       0       0       0       0       0       0       0       0       0       
      +0       0       0       0       0       0       0
   580 ;;Total ram usage:        0 bytes
   581 ;; Hardware stack levels used:    1
   582 ;; This function calls:
   583 ;;		Nothing
   584 ;; This function is called by:
   585 ;;		_main
   586 ;; This function uses a non-reentrant model
   587 ;;
   588                           
   589                           	psect	text7
   590  01FF0A                     __ptext7:
   591                           	callstack 0
   592  01FF0A                     _ClockSetup:
   593                           	callstack 127
   594  01FF0A  0012               	return		;funcret
   595  01FF0C                     __end_of_ClockSetup:
   596                           	callstack 0
   597  0000                     
   598                           	psect	rparam
   599  0000                     
   600                           	psect	idloc
   601                           
   602                           ;Config register IDLOC0 @ 0x200000
   603                           ;	unspecified, using default values
   604  200000                     	org	2097152
   605  200000  0FFF               	dw	4095
   606                           
   607                           ;Config register IDLOC1 @ 0x200002
   608                           ;	unspecified, using default values
   609  200002                     	org	2097154
   610  200002  0FFF               	dw	4095
   611                           
   612                           ;Config register IDLOC2 @ 0x200004
   613                           ;	unspecified, using default values
   614  200004                     	org	2097156
   615  200004  0FFF               	dw	4095
   616                           
   617                           ;Config register IDLOC3 @ 0x200006
   618                           ;	unspecified, using default values
   619  200006                     	org	2097158
   620  200006  0FFF               	dw	4095
   621                           
   622                           ;Config register IDLOC4 @ 0x200008
   623                           ;	unspecified, using default values
   624  200008                     	org	2097160
   625  200008  0FFF               	dw	4095
   626                           
   627                           ;Config register IDLOC5 @ 0x20000A
   628                           ;	unspecified, using default values
   629  20000A                     	org	2097162
   630  20000A  0FFF               	dw	4095
   631                           
   632                           ;Config register IDLOC6 @ 0x20000C
   633                           ;	unspecified, using default values
   634  20000C                     	org	2097164
   635  20000C  0FFF               	dw	4095
   636                           
   637                           ;Config register IDLOC7 @ 0x20000E
   638                           ;	unspecified, using default values
   639  20000E                     	org	2097166
   640  20000E  0FFF               	dw	4095
   641                           
   642                           ;Config register IDLOC8 @ 0x200010
   643                           ;	unspecified, using default values
   644  200010                     	org	2097168
   645  200010  0FFF               	dw	4095
   646                           
   647                           ;Config register IDLOC9 @ 0x200012
   648                           ;	unspecified, using default values
   649  200012                     	org	2097170
   650  200012  0FFF               	dw	4095
   651                           
   652                           ;Config register IDLOC10 @ 0x200014
   653                           ;	unspecified, using default values
   654  200014                     	org	2097172
   655  200014  0FFF               	dw	4095
   656                           
   657                           ;Config register IDLOC11 @ 0x200016
   658                           ;	unspecified, using default values
   659  200016                     	org	2097174
   660  200016  0FFF               	dw	4095
   661                           
   662                           ;Config register IDLOC12 @ 0x200018
   663                           ;	unspecified, using default values
   664  200018                     	org	2097176
   665  200018  0FFF               	dw	4095
   666                           
   667                           ;Config register IDLOC13 @ 0x20001A
   668                           ;	unspecified, using default values
   669  20001A                     	org	2097178
   670  20001A  0FFF               	dw	4095
   671                           
   672                           ;Config register IDLOC14 @ 0x20001C
   673                           ;	unspecified, using default values
   674  20001C                     	org	2097180
   675  20001C  0FFF               	dw	4095
   676                           
   677                           ;Config register IDLOC15 @ 0x20001E
   678                           ;	unspecified, using default values
   679  20001E                     	org	2097182
   680  20001E  0FFF               	dw	4095
   681                           
   682                           	psect	config
   683                           
   684                           ;Config register CONFIG1 @ 0x300000
   685                           ;	External Oscillator Selection
   686                           ;	FEXTOSC = OFF, Oscillator not enabled
   687                           ;	Reset Oscillator Selection
   688                           ;	RSTOSC = HFINTOSC_64MHZ, HFINTOSC with HFFRQ = 64 MHz and CDIV = 1:1
   689  300000                     	org	3145728
   690  300000  8C                 	db	140
   691                           
   692                           ;Config register CONFIG2 @ 0x300001
   693                           ;	Clock out Enable bit
   694                           ;	CLKOUTEN = ON, CLKOUT function is enabled
   695                           ;	PRLOCKED One-Way Set Enable bit
   696                           ;	PR1WAY = ON, PRLOCKED bit can be cleared and set only once
   697                           ;	Clock Switch Enable bit
   698                           ;	CSWEN = ON, Writing to NOSC and NDIV is allowed
   699                           ;	Fail-Safe Clock Monitor Enable bit
   700                           ;	FCMEN = ON, Fail-Safe Clock Monitor enabled
   701  300001                     	org	3145729
   702  300001  FE                 	db	254
   703                           
   704                           ;Config register CONFIG3 @ 0x300002
   705                           ;	MCLR Enable bit
   706                           ;	MCLRE = EXTMCLR, If LVP = 0, MCLR pin is MCLR; If LVP = 1, RE3 pin function is MCLR
   707                           ;	Power-up timer selection bits
   708                           ;	PWRTS = PWRT_OFF, PWRT is disabled
   709                           ;	Multi-vector enable bit
   710                           ;	MVECEN = ON, Multi-vector enabled, Vector table used for interrupts
   711                           ;	IVTLOCK bit One-way set enable bit
   712                           ;	IVT1WAY = ON, IVTLOCKED bit can be cleared and set only once
   713                           ;	Low Power BOR Enable bit
   714                           ;	LPBOREN = OFF, Low-Power BOR disabled
   715                           ;	Brown-out Reset Enable bits
   716                           ;	BOREN = SBORDIS, Brown-out Reset enabled , SBOREN bit is ignored
   717  300002                     	org	3145730
   718  300002  FF                 	db	255
   719                           
   720                           ;Config register CONFIG4 @ 0x300003
   721                           ;	Brown-out Reset Voltage Selection bits
   722                           ;	BORV = VBOR_2P85, Brown-out Reset Voltage (VBOR) set to 2.8V
   723                           ;	ZCD Disable bit
   724                           ;	ZCD = OFF, ZCD module is disabled. ZCD can be enabled by setting the ZCDSEN bit of ZCD
      +                          CON
   725                           ;	PPSLOCK bit One-Way Set Enable bit
   726                           ;	PPS1WAY = ON, PPSLOCKED bit can be cleared and set only once; PPS registers remain loc
      +                          ked after one clear/set cycle
   727                           ;	Stack Full/Underflow Reset Enable bit
   728                           ;	STVREN = ON, Stack full/underflow will cause Reset
   729                           ;	Low Voltage Programming Enable bit
   730                           ;	LVP = ON, Low voltage programming enabled. MCLR/VPP pin function is MCLR. MCLRE config
      +                          uration bit is ignored
   731                           ;	Extended Instruction Set Enable bit
   732                           ;	XINST = OFF, Extended Instruction Set and Indexed Addressing Mode disabled
   733  300003                     	org	3145731
   734  300003  FC                 	db	252
   735                           
   736                           ;Config register CONFIG5 @ 0x300004
   737                           ;	WDT Period selection bits
   738                           ;	WDTCPS = WDTCPS_31, Divider ratio 1:65536; software control of WDTPS
   739                           ;	WDT operating mode
   740                           ;	WDTE = OFF, WDT Disabled; SWDTEN is ignored
   741  300004                     	org	3145732
   742  300004  9F                 	db	159
   743                           
   744                           ;Config register CONFIG6 @ 0x300005
   745                           ;	WDT Window Select bits
   746                           ;	WDTCWS = WDTCWS_7, window always open (100%); software control; keyed access not requi
      +                          red
   747                           ;	WDT input clock selector
   748                           ;	WDTCCS = SC, Software Control
   749  300005                     	org	3145733
   750  300005  FF                 	db	255
   751                           
   752                           ;Config register CONFIG7 @ 0x300006
   753                           ;	Boot Block Size selection bits
   754                           ;	BBSIZE = BBSIZE_512, Boot Block size is 512 words
   755                           ;	Boot Block enable bit
   756                           ;	BBEN = OFF, Boot block disabled
   757                           ;	Storage Area Flash enable bit
   758                           ;	SAFEN = OFF, SAF disabled
   759                           ;	Background Debugger
   760                           ;	DEBUG = OFF, Background Debugger disabled
   761  300006                     	org	3145734
   762  300006  FF                 	db	255
   763                           
   764                           ;Config register CONFIG8 @ 0x300007
   765                           ;	Boot Block Write Protection bit
   766                           ;	WRTB = OFF, Boot Block not Write protected
   767                           ;	Configuration Register Write Protection bit
   768                           ;	WRTC = OFF, Configuration registers not Write protected
   769                           ;	Data EEPROM Write Protection bit
   770                           ;	WRTD = OFF, Data EEPROM not Write protected
   771                           ;	SAF Write protection bit
   772                           ;	WRTSAF = OFF, SAF not Write Protected
   773                           ;	Application Block write protection bit
   774                           ;	WRTAPP = OFF, Application Block not write protected
   775  300007                     	org	3145735
   776  300007  FF                 	db	255
   777                           
   778                           ; Padding undefined space
   779  300008                     	org	3145736
   780  300008  FF                 	db	255
   781                           
   782                           ;Config register CONFIG10 @ 0x300009
   783                           ;	PFM and Data EEPROM Code Protection bit
   784                           ;	CP = OFF, PFM and Data EEPROM code protection disabled
   785  300009                     	org	3145737
   786  300009  FF                 	db	255
   787                           tosu	equ	0x4FF
   788                           tosh	equ	0x4FE
   789                           tosl	equ	0x4FD
   790                           stkptr	equ	0x4FC
   791                           pclatu	equ	0x4FB
   792                           pclath	equ	0x4FA
   793                           pcl	equ	0x4F9
   794                           tblptru	equ	0x4F8
   795                           tblptrh	equ	0x4F7
   796                           tblptrl	equ	0x4F6
   797                           tablat	equ	0x4F5
   798                           prodh	equ	0x4F4
   799                           prodl	equ	0x4F3
   800                           indf0	equ	0x4EF
   801                           postinc0	equ	0x4EE
   802                           postdec0	equ	0x4ED
   803                           preinc0	equ	0x4EC
   804                           plusw0	equ	0x4EB
   805                           fsr0h	equ	0x4EA
   806                           fsr0l	equ	0x4E9
   807                           wreg	equ	0x4E8
   808                           indf1	equ	0x4E7
   809                           postinc1	equ	0x4E6
   810                           postdec1	equ	0x4E5
   811                           preinc1	equ	0x4E4
   812                           plusw1	equ	0x4E3
   813                           fsr1h	equ	0x4E2
   814                           fsr1l	equ	0x4E1
   815                           bsr	equ	0x4E0
   816                           indf2	equ	0x4DF
   817                           postinc2	equ	0x4DE
   818                           postdec2	equ	0x4DD
   819                           preinc2	equ	0x4DC
   820                           plusw2	equ	0x4DB
   821                           fsr2h	equ	0x4DA
   822                           fsr2l	equ	0x4D9
   823                           status	equ	0x4D8

Data Sizes:
    Strings     0
    Constant    0
    Data        0
    BSS         15
    Persistent  0
    Stack       0

Auto Spaces:
    Space          Size  Autos    Used
    COMRAM           95      4      19
    BANK5           160      0       0
    BANK6           256      0       0
    BANK7           256      0       0
    BANK8           256      0       0
    BANK9           256      0       0
    BANK10          256      0       0
    BANK11          256      0       0
    BANK12          256      0       0
    BANK13          256      0       0
    BANK14          256      0       0
    BANK15          256      0       0
    BANK16          256      0       0
    BANK17          256      0       0
    BANK18          256      0       0
    BANK19          256      0       0
    BANK20          256      0       0
    BANK21          256      0       0
    BANK22          256      0       0
    BANK23          256      0       0
    BANK24          256      0       0
    BANK25          256      0       0
    BANK26          256      0       0
    BANK27          256      0       0
    BANK28          256      0       0
    BANK29          256      0       0
    BANK30          256      0       0
    BANK31          256      0       0
    BANK32          256      0       0
    BANK33          256      0       0
    BANK34          256      0       0
    BANK35          256      0       0
    BANK36          256      0       0
    BANK37          256      0       0

Pointer List with Targets:

    None.

Critical Paths under _main in COMRAM

    _main->_TimeXus

Critical Paths under _main in BANK5

    None.

Critical Paths under _main in BANK6

    None.

Critical Paths under _main in BANK7

    None.

Critical Paths under _main in BANK8

    None.

Critical Paths under _main in BANK9

    None.

Critical Paths under _main in BANK10

    None.

Critical Paths under _main in BANK11

    None.

Critical Paths under _main in BANK12

    None.

Critical Paths under _main in BANK13

    None.

Critical Paths under _main in BANK14

    None.

Critical Paths under _main in BANK15

    None.

Critical Paths under _main in BANK16

    None.

Critical Paths under _main in BANK17

    None.

Critical Paths under _main in BANK18

    None.

Critical Paths under _main in BANK19

    None.

Critical Paths under _main in BANK20

    None.

Critical Paths under _main in BANK21

    None.

Critical Paths under _main in BANK22

    None.

Critical Paths under _main in BANK23

    None.

Critical Paths under _main in BANK24

    None.

Critical Paths under _main in BANK25

    None.

Critical Paths under _main in BANK26

    None.

Critical Paths under _main in BANK27

    None.

Critical Paths under _main in BANK28

    None.

Critical Paths under _main in BANK29

    None.

Critical Paths under _main in BANK30

    None.

Critical Paths under _main in BANK31

    None.

Critical Paths under _main in BANK32

    None.

Critical Paths under _main in BANK33

    None.

Critical Paths under _main in BANK34

    None.

Critical Paths under _main in BANK35

    None.

Critical Paths under _main in BANK36

    None.

Critical Paths under _main in BANK37

    None.

Call Graph Tables:

 ---------------------------------------------------------------------------------
 (Depth) Function   	        Calls       Base Space   Used Autos Params    Refs
 ---------------------------------------------------------------------------------
 (0) _main                                                 0     0      0     135
                         _ClockSetup
                          _GpioSetup
                       _SysTickSetup
                        _SystemSleep
                            _TimeXus
                  _UserAppInitialize
                         _UserAppRun
 ---------------------------------------------------------------------------------
 (1) _UserAppRun                                           1     1      0      15
                                              0 COMRAM     1     1      0
 ---------------------------------------------------------------------------------
 (1) _UserAppInitialize                                    0     0      0       0
 ---------------------------------------------------------------------------------
 (1) _TimeXus                                              4     2      2     120
                                              0 COMRAM     4     2      2
 ---------------------------------------------------------------------------------
 (1) _SystemSleep                                          0     0      0       0
 ---------------------------------------------------------------------------------
 (1) _SysTickSetup                                         0     0      0       0
 ---------------------------------------------------------------------------------
 (1) _GpioSetup                                            0     0      0       0
 ---------------------------------------------------------------------------------
 (1) _ClockSetup                                           0     0      0       0
 ---------------------------------------------------------------------------------
 Estimated maximum stack depth 1
 ---------------------------------------------------------------------------------

 Call Graph Graphs:

 _main (ROOT)
   _ClockSetup
   _GpioSetup
   _SysTickSetup
   _SystemSleep
   _TimeXus
   _UserAppInitialize
   _UserAppRun

 Address spaces:
Name               Size   Autos  Total    Cost      Usage
BIGRAM            20FF      0       0      71        0.0%
EEDATA             400      0       0       0        0.0%
BITBANK37          100      0       0      70        0.0%
BANK37             100      0       0      68        0.0%
BITBANK36          100      0       0      66        0.0%
BANK36             100      0       0      67        0.0%
BITBANK35          100      0       0      64        0.0%
BANK35             100      0       0      65        0.0%
BITBANK34          100      0       0      62        0.0%
BANK34             100      0       0      63        0.0%
BITBANK33          100      0       0      60        0.0%
BANK33             100      0       0      61        0.0%
BITBANK32          100      0       0      58        0.0%
BANK32             100      0       0      59        0.0%
BITBANK31          100      0       0      56        0.0%
BANK31             100      0       0      57        0.0%
BITBANK30          100      0       0      54        0.0%
BANK30             100      0       0      55        0.0%
BITBANK29          100      0       0      52        0.0%
BANK29             100      0       0      53        0.0%
BITBANK28          100      0       0      50        0.0%
BANK28             100      0       0      51        0.0%
BITBANK27          100      0       0      48        0.0%
BANK27             100      0       0      49        0.0%
BITBANK26          100      0       0      46        0.0%
BANK26             100      0       0      47        0.0%
BITBANK25          100      0       0      44        0.0%
BANK25             100      0       0      45        0.0%
BITBANK24          100      0       0      42        0.0%
BANK24             100      0       0      43        0.0%
BITBANK23          100      0       0      40        0.0%
BANK23             100      0       0      41        0.0%
BITBANK22          100      0       0      38        0.0%
BANK22             100      0       0      39        0.0%
BITBANK21          100      0       0      36        0.0%
BANK21             100      0       0      37        0.0%
BITBANK20          100      0       0      34        0.0%
BANK20             100      0       0      35        0.0%
BITBANK19          100      0       0      32        0.0%
BANK19             100      0       0      33        0.0%
BITBANK18          100      0       0      30        0.0%
BANK18             100      0       0      31        0.0%
BITBANK17          100      0       0      28        0.0%
BANK17             100      0       0      29        0.0%
BITBANK16          100      0       0      26        0.0%
BANK16             100      0       0      27        0.0%
BITBANK15          100      0       0      24        0.0%
BANK15             100      0       0      25        0.0%
BITBANK14          100      0       0      22        0.0%
BANK14             100      0       0      23        0.0%
BITBANK13          100      0       0      20        0.0%
BANK13             100      0       0      21        0.0%
BITBANK12          100      0       0      18        0.0%
BANK12             100      0       0      19        0.0%
BITBANK11          100      0       0      16        0.0%
BANK11             100      0       0      17        0.0%
BITBANK10          100      0       0      14        0.0%
BANK10             100      0       0      15        0.0%
BITBANK9           100      0       0      12        0.0%
BANK9              100      0       0      13        0.0%
BITBANK8           100      0       0      10        0.0%
BANK8              100      0       0      11        0.0%
BITBANK7           100      0       0       8        0.0%
BANK7              100      0       0       9        0.0%
BITBANK6           100      0       0       6        0.0%
BANK6              100      0       0       7        0.0%
BITBANK5            A0      0       0       4        0.0%
BANK5               A0      0       0       5        0.0%
BITCOMRAM           5F      0       0       0        0.0%
COMRAM              5F      4      13       1       20.0%
BITSFR_5             0      0       0     200        0.0%
SFR_5                0      0       0     200        0.0%
BITSFR_4             0      0       0     200        0.0%
SFR_4                0      0       0     200        0.0%
BITSFR_3             0      0       0     200        0.0%
SFR_3                0      0       0     200        0.0%
BITSFR_2             0      0       0     200        0.0%
SFR_2                0      0       0     200        0.0%
BITSFR_1             0      0       0     200        0.0%
SFR_1                0      0       0     200        0.0%
BITSFR               0      0       0     200        0.0%
SFR                  0      0       0     200        0.0%
STACK                0      0       0       2        0.0%
NULL                 0      0       0       0        0.0%
ABS                  0      0      13      69        0.0%
DATA                 0      0      13       3        0.0%
CODE                 0      0       0       0        0.0%


Microchip Technology PIC18 Macro Assembler V2.31 build 20201012212115 
Symbol Table                                                                                   Thu Mar 04 01:55:53 2021

     __size_of_SysTickSetup 0022                          l13 FF0A                          l22 FF0C  
                        l16 FF1C                          l19 FF60                          l52 FFE4  
                        l80 FFBA                          l74 FF2C                          l83 FF82  
                        u10 FFA8                          u11 FFA4                          u30 FFF2  
                        u31 FFEE                         l811 FF78                         l805 FF40  
                       l821 FFCA                         l813 FFBC                         l807 FF62  
                       l831 FFF2                         l823 FFCE                         l815 FFBE  
                       l809 FF66                         l825 FFD2                         l817 FFC2  
                       l763 FF1E                         l771 FF92                         l827 FFD4  
                       l819 FFC6                         l773 FFA8                         l765 FF84  
                       l829 FFD8                         l759 FF0E                         l775 FFB0  
                       l767 FF88                         l777 FFB4                         l769 FF8E  
                       wreg 0004E8                        _LATA 0004BE                        _PIR3 0004B1  
  UserAppRun@u16CallCounter 050D                        _main FFBC                _SysTickSetup FF40  
                      start FFFC        __size_of_SystemSleep 0002                ___param_bank 000000  
                _ClockSetup FF0A             __end_of_TimeXus FF84                       ?_main 0510  
                     _TMR0H 000319                       _TMR0L 000318                       _TRISA 0004C6  
                     status 0004D8             __initialization FF2E                __end_of_main FFFC  
                    ??_main 0514               __activetblptr 000000                      _ANSELA 000400  
                    _T0CON0 00031A                      _T0CON1 00031B          __size_of_GpioSetup 0010  
                 ??_TimeXus 0512                 ?_ClockSetup 0510                      clear_0 FF34  
                _UserAppRun FF84                  __accesstop 0560     __end_of__initialization FF3A  
             ___rparam_used 000001            _G_u8UserAppFlags 050F              __pcstackCOMRAM 0510  
         __end_of_GpioSetup FF1E         __size_of_ClockSetup 0002                 ?_UserAppRun 0510  
             ??_SystemSleep 0510                     __Hparam 0000                     __Lparam 0000  
                   _TimeXus FF62                     __pcinit FF2E                     __ramtop 2600  
                   __ptext0 FFBC                     __ptext1 FF84                     __ptext2 FF1E  
                   __ptext3 FF62                     __ptext4 FF0C                     __ptext5 FF40  
                   __ptext6 FF0E                     __ptext7 FF0A        end_of_initialization FF3A  
          _G_u32SystemFlags 0501                     postinc0 0004EE         __end_of_SystemSleep FF0E  
              ??_ClockSetup 0510         __size_of_UserAppRun 0038          __end_of_ClockSetup FF0C  
      UserAppRun@u8LATATemp 0510                   _GpioSetup FF0E         start_initialization FF2E  
             ?_SysTickSetup 0510                 _SystemSleep FF0C                  ?_GpioSetup 0510  
               __pbssCOMRAM 0501           _UserAppInitialize FF1E                ??_UserAppRun 0510  
        ?_UserAppInitialize 0510              ??_SysTickSetup 0510         ??_UserAppInitialize 0510  
                  ?_TimeXus 0510          __end_of_UserAppRun FFBC   __end_of_UserAppInitialize FF2E  
               ??_GpioSetup 0510                    __Hrparam 0000                    __Lrparam 0000  
          __size_of_TimeXus 0022        __end_of_SysTickSetup FF62  __size_of_UserAppInitialize 0010  
             __size_of_main 0040                ?_SystemSleep 0510          _G_u32SystemTime1ms 0509  
       TimeXus@u16TimerTime 0510           _G_u32SystemTime1s 0505  
