

Microchip MPLAB XC8 Assembler V2.31 build 20201012212115 
                                                                                               Fri Feb 19 00:32:06 2021

Microchip MPLAB XC8 C Compiler v2.31 (Free license) build 20201012212115 Og1 
     1                           	processor	18F27Q43
     2                           	fnconf	rparam,??,?,0
     3                           	pagewidth 120
     4                           	opt	flic
     5                           	psect	cinit,global,reloc=2,class=CODE,delta=1
     6                           	psect	bssCOMRAM,global,class=COMRAM,space=1,delta=1,lowdata,noexec
     7                           	psect	cstackCOMRAM,global,class=COMRAM,space=1,delta=1,lowdata,noexec
     8                           	psect	text0,global,reloc=2,class=CODE,delta=1
     9                           	psect	text1,global,reloc=2,class=CODE,delta=1
    10                           	psect	text2,global,reloc=2,class=CODE,delta=1
    11                           	psect	text3,global,reloc=2,class=CODE,delta=1
    12                           	psect	text4,global,reloc=2,class=CODE,delta=1
    13                           	psect	text5,global,reloc=2,class=CODE,delta=1
    14                           	psect	text6,global,reloc=2,class=CODE,delta=1
    15                           	psect	intsave_regs,global,class=BIGRAM,space=1,delta=1,noexec
    16                           	psect	rparam,global,class=COMRAM,space=1,delta=1,noexec
    17                           	psect	idloc,global,abs,ovrld,class=IDLOC,space=5,delta=1,noexec
    18                           	psect	config,global,abs,ovrld,class=CONFIG,space=4,delta=1,noexec
    19  0000                     
    20                           ; Version 2.30
    21                           ; Generated 20/08/2020 GMT
    22                           ; 
    23                           ; Copyright © 2020, Microchip Technology Inc. and its subsidiaries ("Microchip")
    24                           ; All rights reserved.
    25                           ; 
    26                           ; This software is developed by Microchip Technology Inc. and its subsidiaries ("Microch
      +                          ip").
    27                           ; 
    28                           ; Redistribution and use in source and binary forms, with or without modification, are
    29                           ; permitted provided that the following conditions are met:
    30                           ; 
    31                           ;     1. Redistributions of source code must retain the above copyright notice, this lis
      +                          t of
    32                           ;        conditions and the following disclaimer.
    33                           ; 
    34                           ;     2. Redistributions in binary form must reproduce the above copyright notice, this 
      +                          list
    35                           ;        of conditions and the following disclaimer in the documentation and/or other
    36                           ;        materials provided with the distribution. Publication is not required when
    37                           ;        this file is used in an embedded application.
    38                           ; 
    39                           ;     3. Microchip's name may not be used to endorse or promote products derived from th
      +                          is
    40                           ;        software without specific prior written permission.
    41                           ; 
    42                           ; THIS SOFTWARE IS PROVIDED BY MICROCHIP "AS IS" AND ANY EXPRESS OR IMPLIED WARRANTIES,
    43                           ; INCLUDING, BUT NOT LIMITED TO, THE IMPLIED WARRANTIES OF MERCHANTABILITY AND FITNESS F
      +                          OR
    44                           ; PURPOSE ARE DISCLAIMED.  IN NO EVENT SHALL MICROCHIP BE LIABLE FOR ANY DIRECT, INDIREC
      +                          T,
    45                           ; INCIDENTAL, SPECIAL, EXEMPLARY, OR CONSEQUENTIAL DAMAGES (INCLUDING BUT NOT LIMITED TO
    46                           ; PROCUREMENT OF SUBSTITUTE GOODS OR SERVICES; LOSS OF USE, DATA OR PROFITS; OR BUSINESS
    47                           ; INTERRUPTION) HOWSOEVER CAUSED AND ON ANY THEORY OF LIABILITY, WHETHER IN CONTRACT, ST
      +                          RICT
    48                           ; LIABILITY, OR TORT (INCLUDING NEGLIGENCE OR OTHERWISE) ARISING IN ANY WAY OUT OF THE U
      +                          SE OF
    49                           ; THIS SOFTWARE, EVEN IF ADVISED OF THE POSSIBILITY OF SUCH DAMAGE.
    50                           ; 
    51                           ; 
    52                           ; Code-generator required, PIC18F27Q43 Definitions
    53                           ; 
    54                           ; SFR Addresses
    55  0000                     _ANSELB	set	1032
    56  0000                     _ANSELA	set	1024
    57  0000                     _PORTB	set	1231
    58  0000                     _TRISB	set	1223
    59  0000                     _LATA	set	1214
    60  0000                     _TRISA	set	1222
    61                           
    62                           ; #config settings
    63                           
    64                           	psect	cinit
    65  01FF78                     __pcinit:
    66                           	callstack 0
    67  01FF78                     start_initialization:
    68                           	callstack 0
    69  01FF78                     __initialization:
    70                           	callstack 0
    71                           
    72                           ; Clear objects allocated to COMRAM (13 bytes)
    73  01FF78  EE01  F101         	lfsr	0,__pbssCOMRAM
    74  01FF7C  0E0D               	movlw	13
    75  01FF7E                     clear_0:
    76  01FF7E  6AEE               	clrf	postinc0,c
    77  01FF80  06E8               	decf	wreg,f,c
    78  01FF82  E1FD               	bnz	clear_0
    79  01FF84                     end_of_initialization:
    80                           	callstack 0
    81  01FF84                     __end_of__initialization:
    82                           	callstack 0
    83  01FF84  0100               	movlb	0
    84  01FF86  EFED  F0FF         	goto	_main	;jump to C main() function
    85                           
    86                           	psect	bssCOMRAM
    87  000501                     __pbssCOMRAM:
    88                           	callstack 0
    89  000501                     _G_u32SystemFlags:
    90                           	callstack 0
    91  000501                     	ds	4
    92  000505                     _G_u32SystemTime1s:
    93                           	callstack 0
    94  000505                     	ds	4
    95  000509                     _G_u32SystemTime1ms:
    96                           	callstack 0
    97  000509                     	ds	4
    98  00050D                     _G_u8UserAppFlags:
    99                           	callstack 0
   100  00050D                     	ds	1
   101                           
   102                           	psect	cstackCOMRAM
   103  000000                     __pcstackCOMRAM:
   104                           	callstack 0
   105  000000                     
   106                           ; 1 bytes @ 0x0
   107 ;;
   108 ;;Main: autosize = 0, tempsize = 0, incstack = 0, save=0
   109 ;;
   110 ;; *************** function _main *****************
   111 ;; Defined at:
   112 ;;		line 35 in file "main.c"
   113 ;; Parameters:    Size  Location     Type
   114 ;;		None
   115 ;; Auto vars:     Size  Location     Type
   116 ;;		None
   117 ;; Return value:  Size  Location     Type
   118 ;;                  1    wreg      void 
   119 ;; Registers used:
   120 ;;		wreg, status,2, status,0, cstack
   121 ;; Tracked objects:
   122 ;;		On entry : 0/0
   123 ;;		On exit  : 0/0
   124 ;;		Unchanged: 0/0
   125 ;; Data sizes:     COMRAM   BANK5   BANK6   BANK7   BANK8   BANK9  BANK10  BANK11  BANK12  BANK13  BANK14  BANK15  BANK1
      +6  BANK17  BANK18  BANK19  BANK20  BANK21  BANK22  BANK23  BANK24  BANK25  BANK26  BANK27  BANK28  BANK29  BANK30  BANK3
      +1  BANK32  BANK33  BANK34  BANK35  BANK36  BANK37
   126 ;;      Params:         0       0       0       0       0       0       0       0       0       0       0       0       
      +0       0       0       0       0       0       0       0       0       0       0       0       0       0       0       
      +0       0       0       0       0       0       0
   127 ;;      Locals:         0       0       0       0       0       0       0       0       0       0       0       0       
      +0       0       0       0       0       0       0       0       0       0       0       0       0       0       0       
      +0       0       0       0       0       0       0
   128 ;;      Temps:          0       0       0       0       0       0       0       0       0       0       0       0       
      +0       0       0       0       0       0       0       0       0       0       0       0       0       0       0       
      +0       0       0       0       0       0       0
   129 ;;      Totals:         0       0       0       0       0       0       0       0       0       0       0       0       
      +0       0       0       0       0       0       0       0       0       0       0       0       0       0       0       
      +0       0       0       0       0       0       0
   130 ;;Total ram usage:        0 bytes
   131 ;; Hardware stack levels required when called:    1
   132 ;; This function calls:
   133 ;;		_ClockSetup
   134 ;;		_GpioSetup
   135 ;;		_SysTickSetup
   136 ;;		_SystemSleep
   137 ;;		_UserAppInitialize
   138 ;;		_UserAppRun
   139 ;; This function is called by:
   140 ;;		Startup code after reset
   141 ;; This function uses a non-reentrant model
   142 ;;
   143                           
   144                           	psect	text0
   145  01FFDA                     __ptext0:
   146                           	callstack 0
   147  01FFDA                     _main:
   148                           	callstack 127
   149  01FFDA                     
   150                           ;main.c: 37:   G_u32SystemFlags |= (u32)0x80000000;
   151  01FFDA  8E04               	bsf	(_G_u32SystemFlags+3)^(0+1280),7,c	;volatile
   152  01FFDC                     
   153                           ;main.c: 40:   ClockSetup();
   154  01FFDC  ECB9  F0FF         	call	_ClockSetup	;wreg free
   155  01FFE0                     
   156                           ;main.c: 41:   SysTickSetup();
   157  01FFE0  ECDC  F0FF         	call	_SysTickSetup	;wreg free
   158  01FFE4                     
   159                           ;main.c: 42:   GpioSetup();
   160  01FFE4  ECD0  F0FF         	call	_GpioSetup	;wreg free
   161  01FFE8                     
   162                           ;main.c: 47:   UserAppInitialize();
   163  01FFE8  ECBB  F0FF         	call	_UserAppInitialize	;wreg free
   164  01FFEC                     l779:
   165                           
   166                           ;main.c: 53:   {;main.c: 57:     UserAppRun();
   167  01FFEC  ECC5  F0FF         	call	_UserAppRun	;wreg free
   168  01FFF0                     
   169                           ;main.c: 62:     SystemSleep();
   170  01FFF0  ECBA  F0FF         	call	_SystemSleep	;wreg free
   171  01FFF4  EFF6  F0FF         	goto	l779
   172  01FFF8  EFFE  F0FF         	goto	start
   173  01FFFC                     __end_of_main:
   174                           	callstack 0
   175                           
   176 ;; *************** function _UserAppRun *****************
   177 ;; Defined at:
   178 ;;		line 96 in file "user_app.c"
   179 ;; Parameters:    Size  Location     Type
   180 ;;		None
   181 ;; Auto vars:     Size  Location     Type
   182 ;;		None
   183 ;; Return value:  Size  Location     Type
   184 ;;                  1    wreg      void 
   185 ;; Registers used:
   186 ;;		wreg, status,2, status,0
   187 ;; Tracked objects:
   188 ;;		On entry : 0/0
   189 ;;		On exit  : 0/0
   190 ;;		Unchanged: 0/0
   191 ;; Data sizes:     COMRAM   BANK5   BANK6   BANK7   BANK8   BANK9  BANK10  BANK11  BANK12  BANK13  BANK14  BANK15  BANK1
      +6  BANK17  BANK18  BANK19  BANK20  BANK21  BANK22  BANK23  BANK24  BANK25  BANK26  BANK27  BANK28  BANK29  BANK30  BANK3
      +1  BANK32  BANK33  BANK34  BANK35  BANK36  BANK37
   192 ;;      Params:         0       0       0       0       0       0       0       0       0       0       0       0       
      +0       0       0       0       0       0       0       0       0       0       0       0       0       0       0       
      +0       0       0       0       0       0       0
   193 ;;      Locals:         0       0       0       0       0       0       0       0       0       0       0       0       
      +0       0       0       0       0       0       0       0       0       0       0       0       0       0       0       
      +0       0       0       0       0       0       0
   194 ;;      Temps:          0       0       0       0       0       0       0       0       0       0       0       0       
      +0       0       0       0       0       0       0       0       0       0       0       0       0       0       0       
      +0       0       0       0       0       0       0
   195 ;;      Totals:         0       0       0       0       0       0       0       0       0       0       0       0       
      +0       0       0       0       0       0       0       0       0       0       0       0       0       0       0       
      +0       0       0       0       0       0       0
   196 ;;Total ram usage:        0 bytes
   197 ;; Hardware stack levels used:    1
   198 ;; This function calls:
   199 ;;		Nothing
   200 ;; This function is called by:
   201 ;;		_main
   202 ;; This function uses a non-reentrant model
   203 ;;
   204                           
   205                           	psect	text1
   206  01FF8A                     __ptext1:
   207                           	callstack 0
   208  01FF8A                     _UserAppRun:
   209                           	callstack 127
   210  01FF8A                     
   211                           ;user_app.c: 99:     if ((PORTB & 0x20) == 0x20)
   212  01FF8A  AACF               	btfss	207,5,c	;volatile
   213  01FF8C  EFCA  F0FF         	goto	u11
   214  01FF90  EFCC  F0FF         	goto	u10
   215  01FF94                     u11:
   216  01FF94  EFCF  F0FF         	goto	l65
   217  01FF98                     u10:
   218  01FF98                     
   219                           ;user_app.c: 100:     {;user_app.c: 101:         LATA = (LATA + 0x01)|0x80;
   220  01FF98  28BE               	incf	190,w,c	;volatile
   221  01FF9A  0980               	iorlw	128
   222  01FF9C  6EBE               	movwf	190,c	;volatile
   223  01FF9E                     l65:
   224  01FF9E  0012               	return		;funcret
   225  01FFA0                     __end_of_UserAppRun:
   226                           	callstack 0
   227                           
   228 ;; *************** function _UserAppInitialize *****************
   229 ;; Defined at:
   230 ;;		line 76 in file "user_app.c"
   231 ;; Parameters:    Size  Location     Type
   232 ;;		None
   233 ;; Auto vars:     Size  Location     Type
   234 ;;		None
   235 ;; Return value:  Size  Location     Type
   236 ;;                  1    wreg      void 
   237 ;; Registers used:
   238 ;;		None
   239 ;; Tracked objects:
   240 ;;		On entry : 0/0
   241 ;;		On exit  : 0/0
   242 ;;		Unchanged: 0/0
   243 ;; Data sizes:     COMRAM   BANK5   BANK6   BANK7   BANK8   BANK9  BANK10  BANK11  BANK12  BANK13  BANK14  BANK15  BANK1
      +6  BANK17  BANK18  BANK19  BANK20  BANK21  BANK22  BANK23  BANK24  BANK25  BANK26  BANK27  BANK28  BANK29  BANK30  BANK3
      +1  BANK32  BANK33  BANK34  BANK35  BANK36  BANK37
   244 ;;      Params:         0       0       0       0       0       0       0       0       0       0       0       0       
      +0       0       0       0       0       0       0       0       0       0       0       0       0       0       0       
      +0       0       0       0       0       0       0
   245 ;;      Locals:         0       0       0       0       0       0       0       0       0       0       0       0       
      +0       0       0       0       0       0       0       0       0       0       0       0       0       0       0       
      +0       0       0       0       0       0       0
   246 ;;      Temps:          0       0       0       0       0       0       0       0       0       0       0       0       
      +0       0       0       0       0       0       0       0       0       0       0       0       0       0       0       
      +0       0       0       0       0       0       0
   247 ;;      Totals:         0       0       0       0       0       0       0       0       0       0       0       0       
      +0       0       0       0       0       0       0       0       0       0       0       0       0       0       0       
      +0       0       0       0       0       0       0
   248 ;;Total ram usage:        0 bytes
   249 ;; Hardware stack levels used:    1
   250 ;; This function calls:
   251 ;;		Nothing
   252 ;; This function is called by:
   253 ;;		_main
   254 ;; This function uses a non-reentrant model
   255 ;;
   256                           
   257                           	psect	text2
   258  01FF76                     __ptext2:
   259                           	callstack 0
   260  01FF76                     _UserAppInitialize:
   261                           	callstack 127
   262  01FF76  0012               	return		;funcret
   263  01FF78                     __end_of_UserAppInitialize:
   264                           	callstack 0
   265                           
   266 ;; *************** function _SystemSleep *****************
   267 ;; Defined at:
   268 ;;		line 136 in file "encm369_pic18.c"
   269 ;; Parameters:    Size  Location     Type
   270 ;;		None
   271 ;; Auto vars:     Size  Location     Type
   272 ;;		None
   273 ;; Return value:  Size  Location     Type
   274 ;;                  1    wreg      void 
   275 ;; Registers used:
   276 ;;		None
   277 ;; Tracked objects:
   278 ;;		On entry : 0/0
   279 ;;		On exit  : 0/0
   280 ;;		Unchanged: 0/0
   281 ;; Data sizes:     COMRAM   BANK5   BANK6   BANK7   BANK8   BANK9  BANK10  BANK11  BANK12  BANK13  BANK14  BANK15  BANK1
      +6  BANK17  BANK18  BANK19  BANK20  BANK21  BANK22  BANK23  BANK24  BANK25  BANK26  BANK27  BANK28  BANK29  BANK30  BANK3
      +1  BANK32  BANK33  BANK34  BANK35  BANK36  BANK37
   282 ;;      Params:         0       0       0       0       0       0       0       0       0       0       0       0       
      +0       0       0       0       0       0       0       0       0       0       0       0       0       0       0       
      +0       0       0       0       0       0       0
   283 ;;      Locals:         0       0       0       0       0       0       0       0       0       0       0       0       
      +0       0       0       0       0       0       0       0       0       0       0       0       0       0       0       
      +0       0       0       0       0       0       0
   284 ;;      Temps:          0       0       0       0       0       0       0       0       0       0       0       0       
      +0       0       0       0       0       0       0       0       0       0       0       0       0       0       0       
      +0       0       0       0       0       0       0
   285 ;;      Totals:         0       0       0       0       0       0       0       0       0       0       0       0       
      +0       0       0       0       0       0       0       0       0       0       0       0       0       0       0       
      +0       0       0       0       0       0       0
   286 ;;Total ram usage:        0 bytes
   287 ;; Hardware stack levels used:    1
   288 ;; This function calls:
   289 ;;		Nothing
   290 ;; This function is called by:
   291 ;;		_main
   292 ;; This function uses a non-reentrant model
   293 ;;
   294                           
   295                           	psect	text3
   296  01FF74                     __ptext3:
   297                           	callstack 0
   298  01FF74                     _SystemSleep:
   299                           	callstack 127
   300  01FF74  0012               	return		;funcret
   301  01FF76                     __end_of_SystemSleep:
   302                           	callstack 0
   303                           
   304 ;; *************** function _SysTickSetup *****************
   305 ;; Defined at:
   306 ;;		line 114 in file "encm369_pic18.c"
   307 ;; Parameters:    Size  Location     Type
   308 ;;		None
   309 ;; Auto vars:     Size  Location     Type
   310 ;;		None
   311 ;; Return value:  Size  Location     Type
   312 ;;                  1    wreg      void 
   313 ;; Registers used:
   314 ;;		wreg, status,2
   315 ;; Tracked objects:
   316 ;;		On entry : 0/0
   317 ;;		On exit  : 0/0
   318 ;;		Unchanged: 0/0
   319 ;; Data sizes:     COMRAM   BANK5   BANK6   BANK7   BANK8   BANK9  BANK10  BANK11  BANK12  BANK13  BANK14  BANK15  BANK1
      +6  BANK17  BANK18  BANK19  BANK20  BANK21  BANK22  BANK23  BANK24  BANK25  BANK26  BANK27  BANK28  BANK29  BANK30  BANK3
      +1  BANK32  BANK33  BANK34  BANK35  BANK36  BANK37
   320 ;;      Params:         0       0       0       0       0       0       0       0       0       0       0       0       
      +0       0       0       0       0       0       0       0       0       0       0       0       0       0       0       
      +0       0       0       0       0       0       0
   321 ;;      Locals:         0       0       0       0       0       0       0       0       0       0       0       0       
      +0       0       0       0       0       0       0       0       0       0       0       0       0       0       0       
      +0       0       0       0       0       0       0
   322 ;;      Temps:          0       0       0       0       0       0       0       0       0       0       0       0       
      +0       0       0       0       0       0       0       0       0       0       0       0       0       0       0       
      +0       0       0       0       0       0       0
   323 ;;      Totals:         0       0       0       0       0       0       0       0       0       0       0       0       
      +0       0       0       0       0       0       0       0       0       0       0       0       0       0       0       
      +0       0       0       0       0       0       0
   324 ;;Total ram usage:        0 bytes
   325 ;; Hardware stack levels used:    1
   326 ;; This function calls:
   327 ;;		Nothing
   328 ;; This function is called by:
   329 ;;		_main
   330 ;; This function uses a non-reentrant model
   331 ;;
   332                           
   333                           	psect	text4
   334  01FFB8                     __ptext4:
   335                           	callstack 0
   336  01FFB8                     _SysTickSetup:
   337                           	callstack 127
   338  01FFB8                     
   339                           ;encm369_pic18.c: 116:   G_u32SystemTime1ms = 0;
   340  01FFB8  0E00               	movlw	0
   341  01FFBA  6E09               	movwf	_G_u32SystemTime1ms^(0+1280),c	;volatile
   342  01FFBC  0E00               	movlw	0
   343  01FFBE  6E0A               	movwf	(_G_u32SystemTime1ms+1)^(0+1280),c	;volatile
   344  01FFC0  0E00               	movlw	0
   345  01FFC2  6E0B               	movwf	(_G_u32SystemTime1ms+2)^(0+1280),c	;volatile
   346  01FFC4  0E00               	movlw	0
   347  01FFC6  6E0C               	movwf	(_G_u32SystemTime1ms+3)^(0+1280),c	;volatile
   348                           
   349                           ;encm369_pic18.c: 117:   G_u32SystemTime1s = 0;
   350  01FFC8  0E00               	movlw	0
   351  01FFCA  6E05               	movwf	_G_u32SystemTime1s^(0+1280),c	;volatile
   352  01FFCC  0E00               	movlw	0
   353  01FFCE  6E06               	movwf	(_G_u32SystemTime1s+1)^(0+1280),c	;volatile
   354  01FFD0  0E00               	movlw	0
   355  01FFD2  6E07               	movwf	(_G_u32SystemTime1s+2)^(0+1280),c	;volatile
   356  01FFD4  0E00               	movlw	0
   357  01FFD6  6E08               	movwf	(_G_u32SystemTime1s+3)^(0+1280),c	;volatile
   358  01FFD8  0012               	return		;funcret
   359  01FFDA                     __end_of_SysTickSetup:
   360                           	callstack 0
   361                           
   362 ;; *************** function _GpioSetup *****************
   363 ;; Defined at:
   364 ;;		line 90 in file "encm369_pic18.c"
   365 ;; Parameters:    Size  Location     Type
   366 ;;		None
   367 ;; Auto vars:     Size  Location     Type
   368 ;;		None
   369 ;; Return value:  Size  Location     Type
   370 ;;                  1    wreg      void 
   371 ;; Registers used:
   372 ;;		wreg, status,2, status,0
   373 ;; Tracked objects:
   374 ;;		On entry : 0/0
   375 ;;		On exit  : 0/0
   376 ;;		Unchanged: 0/0
   377 ;; Data sizes:     COMRAM   BANK5   BANK6   BANK7   BANK8   BANK9  BANK10  BANK11  BANK12  BANK13  BANK14  BANK15  BANK1
      +6  BANK17  BANK18  BANK19  BANK20  BANK21  BANK22  BANK23  BANK24  BANK25  BANK26  BANK27  BANK28  BANK29  BANK30  BANK3
      +1  BANK32  BANK33  BANK34  BANK35  BANK36  BANK37
   378 ;;      Params:         0       0       0       0       0       0       0       0       0       0       0       0       
      +0       0       0       0       0       0       0       0       0       0       0       0       0       0       0       
      +0       0       0       0       0       0       0
   379 ;;      Locals:         0       0       0       0       0       0       0       0       0       0       0       0       
      +0       0       0       0       0       0       0       0       0       0       0       0       0       0       0       
      +0       0       0       0       0       0       0
   380 ;;      Temps:          0       0       0       0       0       0       0       0       0       0       0       0       
      +0       0       0       0       0       0       0       0       0       0       0       0       0       0       0       
      +0       0       0       0       0       0       0
   381 ;;      Totals:         0       0       0       0       0       0       0       0       0       0       0       0       
      +0       0       0       0       0       0       0       0       0       0       0       0       0       0       0       
      +0       0       0       0       0       0       0
   382 ;;Total ram usage:        0 bytes
   383 ;; Hardware stack levels used:    1
   384 ;; This function calls:
   385 ;;		Nothing
   386 ;; This function is called by:
   387 ;;		_main
   388 ;; This function uses a non-reentrant model
   389 ;;
   390                           
   391                           	psect	text5
   392  01FFA0                     __ptext5:
   393                           	callstack 0
   394  01FFA0                     _GpioSetup:
   395                           	callstack 127
   396  01FFA0                     
   397                           ;encm369_pic18.c: 92:     ANSELA = 0x00;
   398  01FFA0  0E00               	movlw	0
   399  01FFA2  0104               	movlb	4	; () banked
   400  01FFA4  6F00               	movwf	0,b	;volatile
   401                           
   402                           ;encm369_pic18.c: 93:     TRISA = 0x00;
   403  01FFA6  0E00               	movlw	0
   404  01FFA8  6EC6               	movwf	198,c	;volatile
   405                           
   406                           ;encm369_pic18.c: 94:     LATA = 0x80;
   407  01FFAA  0E80               	movlw	128
   408  01FFAC  6EBE               	movwf	190,c	;volatile
   409  01FFAE                     
   410                           ; BSR set to: 4
   411                           ;encm369_pic18.c: 96:     ANSELB ^= 0x30;
   412  01FFAE  0E30               	movlw	48
   413  01FFB0  1B08               	xorwf	8,f,b	;volatile
   414  01FFB2                     
   415                           ; BSR set to: 4
   416                           ;encm369_pic18.c: 97:     TRISB ^= 0x30;
   417  01FFB2  0E30               	movlw	48
   418  01FFB4  1AC7               	xorwf	199,f,c	;volatile
   419  01FFB6                     
   420                           ; BSR set to: 4
   421  01FFB6  0012               	return		;funcret
   422  01FFB8                     __end_of_GpioSetup:
   423                           	callstack 0
   424                           
   425 ;; *************** function _ClockSetup *****************
   426 ;; Defined at:
   427 ;;		line 69 in file "encm369_pic18.c"
   428 ;; Parameters:    Size  Location     Type
   429 ;;		None
   430 ;; Auto vars:     Size  Location     Type
   431 ;;		None
   432 ;; Return value:  Size  Location     Type
   433 ;;                  1    wreg      void 
   434 ;; Registers used:
   435 ;;		None
   436 ;; Tracked objects:
   437 ;;		On entry : 0/0
   438 ;;		On exit  : 0/0
   439 ;;		Unchanged: 0/0
   440 ;; Data sizes:     COMRAM   BANK5   BANK6   BANK7   BANK8   BANK9  BANK10  BANK11  BANK12  BANK13  BANK14  BANK15  BANK1
      +6  BANK17  BANK18  BANK19  BANK20  BANK21  BANK22  BANK23  BANK24  BANK25  BANK26  BANK27  BANK28  BANK29  BANK30  BANK3
      +1  BANK32  BANK33  BANK34  BANK35  BANK36  BANK37
   441 ;;      Params:         0       0       0       0       0       0       0       0       0       0       0       0       
      +0       0       0       0       0       0       0       0       0       0       0       0       0       0       0       
      +0       0       0       0       0       0       0
   442 ;;      Locals:         0       0       0       0       0       0       0       0       0       0       0       0       
      +0       0       0       0       0       0       0       0       0       0       0       0       0       0       0       
      +0       0       0       0       0       0       0
   443 ;;      Temps:          0       0       0       0       0       0       0       0       0       0       0       0       
      +0       0       0       0       0       0       0       0       0       0       0       0       0       0       0       
      +0       0       0       0       0       0       0
   444 ;;      Totals:         0       0       0       0       0       0       0       0       0       0       0       0       
      +0       0       0       0       0       0       0       0       0       0       0       0       0       0       0       
      +0       0       0       0       0       0       0
   445 ;;Total ram usage:        0 bytes
   446 ;; Hardware stack levels used:    1
   447 ;; This function calls:
   448 ;;		Nothing
   449 ;; This function is called by:
   450 ;;		_main
   451 ;; This function uses a non-reentrant model
   452 ;;
   453                           
   454                           	psect	text6
   455  01FF72                     __ptext6:
   456                           	callstack 0
   457  01FF72                     _ClockSetup:
   458                           	callstack 127
   459  01FF72  0012               	return		;funcret
   460  01FF74                     __end_of_ClockSetup:
   461                           	callstack 0
   462  0000                     
   463                           	psect	rparam
   464  0000                     
   465                           	psect	idloc
   466                           
   467                           ;Config register IDLOC0 @ 0x200000
   468                           ;	unspecified, using default values
   469  200000                     	org	2097152
   470  200000  0FFF               	dw	4095
   471                           
   472                           ;Config register IDLOC1 @ 0x200002
   473                           ;	unspecified, using default values
   474  200002                     	org	2097154
   475  200002  0FFF               	dw	4095
   476                           
   477                           ;Config register IDLOC2 @ 0x200004
   478                           ;	unspecified, using default values
   479  200004                     	org	2097156
   480  200004  0FFF               	dw	4095
   481                           
   482                           ;Config register IDLOC3 @ 0x200006
   483                           ;	unspecified, using default values
   484  200006                     	org	2097158
   485  200006  0FFF               	dw	4095
   486                           
   487                           ;Config register IDLOC4 @ 0x200008
   488                           ;	unspecified, using default values
   489  200008                     	org	2097160
   490  200008  0FFF               	dw	4095
   491                           
   492                           ;Config register IDLOC5 @ 0x20000A
   493                           ;	unspecified, using default values
   494  20000A                     	org	2097162
   495  20000A  0FFF               	dw	4095
   496                           
   497                           ;Config register IDLOC6 @ 0x20000C
   498                           ;	unspecified, using default values
   499  20000C                     	org	2097164
   500  20000C  0FFF               	dw	4095
   501                           
   502                           ;Config register IDLOC7 @ 0x20000E
   503                           ;	unspecified, using default values
   504  20000E                     	org	2097166
   505  20000E  0FFF               	dw	4095
   506                           
   507                           ;Config register IDLOC8 @ 0x200010
   508                           ;	unspecified, using default values
   509  200010                     	org	2097168
   510  200010  0FFF               	dw	4095
   511                           
   512                           ;Config register IDLOC9 @ 0x200012
   513                           ;	unspecified, using default values
   514  200012                     	org	2097170
   515  200012  0FFF               	dw	4095
   516                           
   517                           ;Config register IDLOC10 @ 0x200014
   518                           ;	unspecified, using default values
   519  200014                     	org	2097172
   520  200014  0FFF               	dw	4095
   521                           
   522                           ;Config register IDLOC11 @ 0x200016
   523                           ;	unspecified, using default values
   524  200016                     	org	2097174
   525  200016  0FFF               	dw	4095
   526                           
   527                           ;Config register IDLOC12 @ 0x200018
   528                           ;	unspecified, using default values
   529  200018                     	org	2097176
   530  200018  0FFF               	dw	4095
   531                           
   532                           ;Config register IDLOC13 @ 0x20001A
   533                           ;	unspecified, using default values
   534  20001A                     	org	2097178
   535  20001A  0FFF               	dw	4095
   536                           
   537                           ;Config register IDLOC14 @ 0x20001C
   538                           ;	unspecified, using default values
   539  20001C                     	org	2097180
   540  20001C  0FFF               	dw	4095
   541                           
   542                           ;Config register IDLOC15 @ 0x20001E
   543                           ;	unspecified, using default values
   544  20001E                     	org	2097182
   545  20001E  0FFF               	dw	4095
   546                           
   547                           	psect	config
   548                           
   549                           ;Config register CONFIG1 @ 0x300000
   550                           ;	External Oscillator Selection
   551                           ;	FEXTOSC = OFF, Oscillator not enabled
   552                           ;	Reset Oscillator Selection
   553                           ;	RSTOSC = HFINTOSC_64MHZ, HFINTOSC with HFFRQ = 64 MHz and CDIV = 1:1
   554  300000                     	org	3145728
   555  300000  8C                 	db	140
   556                           
   557                           ;Config register CONFIG2 @ 0x300001
   558                           ;	Clock out Enable bit
   559                           ;	CLKOUTEN = ON, CLKOUT function is enabled
   560                           ;	PRLOCKED One-Way Set Enable bit
   561                           ;	PR1WAY = ON, PRLOCKED bit can be cleared and set only once
   562                           ;	Clock Switch Enable bit
   563                           ;	CSWEN = ON, Writing to NOSC and NDIV is allowed
   564                           ;	Fail-Safe Clock Monitor Enable bit
   565                           ;	FCMEN = ON, Fail-Safe Clock Monitor enabled
   566  300001                     	org	3145729
   567  300001  FE                 	db	254
   568                           
   569                           ;Config register CONFIG3 @ 0x300002
   570                           ;	MCLR Enable bit
   571                           ;	MCLRE = EXTMCLR, If LVP = 0, MCLR pin is MCLR; If LVP = 1, RE3 pin function is MCLR
   572                           ;	Power-up timer selection bits
   573                           ;	PWRTS = PWRT_OFF, PWRT is disabled
   574                           ;	Multi-vector enable bit
   575                           ;	MVECEN = ON, Multi-vector enabled, Vector table used for interrupts
   576                           ;	IVTLOCK bit One-way set enable bit
   577                           ;	IVT1WAY = ON, IVTLOCKED bit can be cleared and set only once
   578                           ;	Low Power BOR Enable bit
   579                           ;	LPBOREN = OFF, Low-Power BOR disabled
   580                           ;	Brown-out Reset Enable bits
   581                           ;	BOREN = SBORDIS, Brown-out Reset enabled , SBOREN bit is ignored
   582  300002                     	org	3145730
   583  300002  FF                 	db	255
   584                           
   585                           ;Config register CONFIG4 @ 0x300003
   586                           ;	Brown-out Reset Voltage Selection bits
   587                           ;	BORV = VBOR_2P85, Brown-out Reset Voltage (VBOR) set to 2.8V
   588                           ;	ZCD Disable bit
   589                           ;	ZCD = OFF, ZCD module is disabled. ZCD can be enabled by setting the ZCDSEN bit of ZCD
      +                          CON
   590                           ;	PPSLOCK bit One-Way Set Enable bit
   591                           ;	PPS1WAY = ON, PPSLOCKED bit can be cleared and set only once; PPS registers remain loc
      +                          ked after one clear/set cycle
   592                           ;	Stack Full/Underflow Reset Enable bit
   593                           ;	STVREN = ON, Stack full/underflow will cause Reset
   594                           ;	Low Voltage Programming Enable bit
   595                           ;	LVP = ON, Low voltage programming enabled. MCLR/VPP pin function is MCLR. MCLRE config
      +                          uration bit is ignored
   596                           ;	Extended Instruction Set Enable bit
   597                           ;	XINST = OFF, Extended Instruction Set and Indexed Addressing Mode disabled
   598  300003                     	org	3145731
   599  300003  FC                 	db	252
   600                           
   601                           ;Config register CONFIG5 @ 0x300004
   602                           ;	WDT Period selection bits
   603                           ;	WDTCPS = WDTCPS_31, Divider ratio 1:65536; software control of WDTPS
   604                           ;	WDT operating mode
   605                           ;	WDTE = OFF, WDT Disabled; SWDTEN is ignored
   606  300004                     	org	3145732
   607  300004  9F                 	db	159
   608                           
   609                           ;Config register CONFIG6 @ 0x300005
   610                           ;	WDT Window Select bits
   611                           ;	WDTCWS = WDTCWS_7, window always open (100%); software control; keyed access not requi
      +                          red
   612                           ;	WDT input clock selector
   613                           ;	WDTCCS = SC, Software Control
   614  300005                     	org	3145733
   615  300005  FF                 	db	255
   616                           
   617                           ;Config register CONFIG7 @ 0x300006
   618                           ;	Boot Block Size selection bits
   619                           ;	BBSIZE = BBSIZE_512, Boot Block size is 512 words
   620                           ;	Boot Block enable bit
   621                           ;	BBEN = OFF, Boot block disabled
   622                           ;	Storage Area Flash enable bit
   623                           ;	SAFEN = OFF, SAF disabled
   624                           ;	Background Debugger
   625                           ;	DEBUG = OFF, Background Debugger disabled
   626  300006                     	org	3145734
   627  300006  FF                 	db	255
   628                           
   629                           ;Config register CONFIG8 @ 0x300007
   630                           ;	Boot Block Write Protection bit
   631                           ;	WRTB = OFF, Boot Block not Write protected
   632                           ;	Configuration Register Write Protection bit
   633                           ;	WRTC = OFF, Configuration registers not Write protected
   634                           ;	Data EEPROM Write Protection bit
   635                           ;	WRTD = OFF, Data EEPROM not Write protected
   636                           ;	SAF Write protection bit
   637                           ;	WRTSAF = OFF, SAF not Write Protected
   638                           ;	Application Block write protection bit
   639                           ;	WRTAPP = OFF, Application Block not write protected
   640  300007                     	org	3145735
   641  300007  FF                 	db	255
   642                           
   643                           ; Padding undefined space
   644  300008                     	org	3145736
   645  300008  FF                 	db	255
   646                           
   647                           ;Config register CONFIG10 @ 0x300009
   648                           ;	PFM and Data EEPROM Code Protection bit
   649                           ;	CP = OFF, PFM and Data EEPROM code protection disabled
   650  300009                     	org	3145737
   651  300009  FF                 	db	255
   652                           tosu	equ	0x4FF
   653                           tosh	equ	0x4FE
   654                           tosl	equ	0x4FD
   655                           stkptr	equ	0x4FC
   656                           pclatu	equ	0x4FB
   657                           pclath	equ	0x4FA
   658                           pcl	equ	0x4F9
   659                           tblptru	equ	0x4F8
   660                           tblptrh	equ	0x4F7
   661                           tblptrl	equ	0x4F6
   662                           tablat	equ	0x4F5
   663                           prodh	equ	0x4F4
   664                           prodl	equ	0x4F3
   665                           indf0	equ	0x4EF
   666                           postinc0	equ	0x4EE
   667                           postdec0	equ	0x4ED
   668                           preinc0	equ	0x4EC
   669                           plusw0	equ	0x4EB
   670                           fsr0h	equ	0x4EA
   671                           fsr0l	equ	0x4E9
   672                           wreg	equ	0x4E8
   673                           indf1	equ	0x4E7
   674                           postinc1	equ	0x4E6
   675                           postdec1	equ	0x4E5
   676                           preinc1	equ	0x4E4
   677                           plusw1	equ	0x4E3
   678                           fsr1h	equ	0x4E2
   679                           fsr1l	equ	0x4E1
   680                           bsr	equ	0x4E0
   681                           indf2	equ	0x4DF
   682                           postinc2	equ	0x4DE
   683                           postdec2	equ	0x4DD
   684                           preinc2	equ	0x4DC
   685                           plusw2	equ	0x4DB
   686                           fsr2h	equ	0x4DA
   687                           fsr2l	equ	0x4D9
   688                           status	equ	0x4D8

Data Sizes:
    Strings     0
    Constant    0
    Data        0
    BSS         13
    Persistent  0
    Stack       0

Auto Spaces:
    Space          Size  Autos    Used
    COMRAM           95      0      13
    BANK5           160      0       0
    BANK6           256      0       0
    BANK7           256      0       0
    BANK8           256      0       0
    BANK9           256      0       0
    BANK10          256      0       0
    BANK11          256      0       0
    BANK12          256      0       0
    BANK13          256      0       0
    BANK14          256      0       0
    BANK15          256      0       0
    BANK16          256      0       0
    BANK17          256      0       0
    BANK18          256      0       0
    BANK19          256      0       0
    BANK20          256      0       0
    BANK21          256      0       0
    BANK22          256      0       0
    BANK23          256      0       0
    BANK24          256      0       0
    BANK25          256      0       0
    BANK26          256      0       0
    BANK27          256      0       0
    BANK28          256      0       0
    BANK29          256      0       0
    BANK30          256      0       0
    BANK31          256      0       0
    BANK32          256      0       0
    BANK33          256      0       0
    BANK34          256      0       0
    BANK35          256      0       0
    BANK36          256      0       0
    BANK37          256      0       0

Pointer List with Targets:

    None.

Critical Paths under _main in COMRAM

    None.

Critical Paths under _main in BANK5

    None.

Critical Paths under _main in BANK6

    None.

Critical Paths under _main in BANK7

    None.

Critical Paths under _main in BANK8

    None.

Critical Paths under _main in BANK9

    None.

Critical Paths under _main in BANK10

    None.

Critical Paths under _main in BANK11

    None.

Critical Paths under _main in BANK12

    None.

Critical Paths under _main in BANK13

    None.

Critical Paths under _main in BANK14

    None.

Critical Paths under _main in BANK15

    None.

Critical Paths under _main in BANK16

    None.

Critical Paths under _main in BANK17

    None.

Critical Paths under _main in BANK18

    None.

Critical Paths under _main in BANK19

    None.

Critical Paths under _main in BANK20

    None.

Critical Paths under _main in BANK21

    None.

Critical Paths under _main in BANK22

    None.

Critical Paths under _main in BANK23

    None.

Critical Paths under _main in BANK24

    None.

Critical Paths under _main in BANK25

    None.

Critical Paths under _main in BANK26

    None.

Critical Paths under _main in BANK27

    None.

Critical Paths under _main in BANK28

    None.

Critical Paths under _main in BANK29

    None.

Critical Paths under _main in BANK30

    None.

Critical Paths under _main in BANK31

    None.

Critical Paths under _main in BANK32

    None.

Critical Paths under _main in BANK33

    None.

Critical Paths under _main in BANK34

    None.

Critical Paths under _main in BANK35

    None.

Critical Paths under _main in BANK36

    None.

Critical Paths under _main in BANK37

    None.

Call Graph Tables:

 ---------------------------------------------------------------------------------
 (Depth) Function   	        Calls       Base Space   Used Autos Params    Refs
 ---------------------------------------------------------------------------------
 (0) _main                                                 0     0      0       0
                         _ClockSetup
                          _GpioSetup
                       _SysTickSetup
                        _SystemSleep
                  _UserAppInitialize
                         _UserAppRun
 ---------------------------------------------------------------------------------
 (1) _UserAppRun                                           0     0      0       0
 ---------------------------------------------------------------------------------
 (1) _UserAppInitialize                                    0     0      0       0
 ---------------------------------------------------------------------------------
 (1) _SystemSleep                                          0     0      0       0
 ---------------------------------------------------------------------------------
 (1) _SysTickSetup                                         0     0      0       0
 ---------------------------------------------------------------------------------
 (1) _GpioSetup                                            0     0      0       0
 ---------------------------------------------------------------------------------
 (1) _ClockSetup                                           0     0      0       0
 ---------------------------------------------------------------------------------
 Estimated maximum stack depth 1
 ---------------------------------------------------------------------------------

 Call Graph Graphs:

 _main (ROOT)
   _ClockSetup
   _GpioSetup
   _SysTickSetup
   _SystemSleep
   _UserAppInitialize
   _UserAppRun

 Address spaces:
Name               Size   Autos  Total    Cost      Usage
BIGRAM            20FF      0       0      71        0.0%
EEDATA             400      0       0       0        0.0%
BITBANK37          100      0       0      70        0.0%
BANK37             100      0       0      68        0.0%
BITBANK36          100      0       0      66        0.0%
BANK36             100      0       0      67        0.0%
BITBANK35          100      0       0      64        0.0%
BANK35             100      0       0      65        0.0%
BITBANK34          100      0       0      62        0.0%
BANK34             100      0       0      63        0.0%
BITBANK33          100      0       0      60        0.0%
BANK33             100      0       0      61        0.0%
BITBANK32          100      0       0      58        0.0%
BANK32             100      0       0      59        0.0%
BITBANK31          100      0       0      56        0.0%
BANK31             100      0       0      57        0.0%
BITBANK30          100      0       0      54        0.0%
BANK30             100      0       0      55        0.0%
BITBANK29          100      0       0      52        0.0%
BANK29             100      0       0      53        0.0%
BITBANK28          100      0       0      50        0.0%
BANK28             100      0       0      51        0.0%
BITBANK27          100      0       0      48        0.0%
BANK27             100      0       0      49        0.0%
BITBANK26          100      0       0      46        0.0%
BANK26             100      0       0      47        0.0%
BITBANK25          100      0       0      44        0.0%
BANK25             100      0       0      45        0.0%
BITBANK24          100      0       0      42        0.0%
BANK24             100      0       0      43        0.0%
BITBANK23          100      0       0      40        0.0%
BANK23             100      0       0      41        0.0%
BITBANK22          100      0       0      38        0.0%
BANK22             100      0       0      39        0.0%
BITBANK21          100      0       0      36        0.0%
BANK21             100      0       0      37        0.0%
BITBANK20          100      0       0      34        0.0%
BANK20             100      0       0      35        0.0%
BITBANK19          100      0       0      32        0.0%
BANK19             100      0       0      33        0.0%
BITBANK18          100      0       0      30        0.0%
BANK18             100      0       0      31        0.0%
BITBANK17          100      0       0      28        0.0%
BANK17             100      0       0      29        0.0%
BITBANK16          100      0       0      26        0.0%
BANK16             100      0       0      27        0.0%
BITBANK15          100      0       0      24        0.0%
BANK15             100      0       0      25        0.0%
BITBANK14          100      0       0      22        0.0%
BANK14             100      0       0      23        0.0%
BITBANK13          100      0       0      20        0.0%
BANK13             100      0       0      21        0.0%
BITBANK12          100      0       0      18        0.0%
BANK12             100      0       0      19        0.0%
BITBANK11          100      0       0      16        0.0%
BANK11             100      0       0      17        0.0%
BITBANK10          100      0       0      14        0.0%
BANK10             100      0       0      15        0.0%
BITBANK9           100      0       0      12        0.0%
BANK9              100      0       0      13        0.0%
BITBANK8           100      0       0      10        0.0%
BANK8              100      0       0      11        0.0%
BITBANK7           100      0       0       8        0.0%
BANK7              100      0       0       9        0.0%
BITBANK6           100      0       0       6        0.0%
BANK6              100      0       0       7        0.0%
BITBANK5            A0      0       0       4        0.0%
BANK5               A0      0       0       5        0.0%
BITCOMRAM           5F      0       0       0        0.0%
COMRAM              5F      0       D       1       13.7%
BITSFR_5             0      0       0     200        0.0%
SFR_5                0      0       0     200        0.0%
BITSFR_4             0      0       0     200        0.0%
SFR_4                0      0       0     200        0.0%
BITSFR_3             0      0       0     200        0.0%
SFR_3                0      0       0     200        0.0%
BITSFR_2             0      0       0     200        0.0%
SFR_2                0      0       0     200        0.0%
BITSFR_1             0      0       0     200        0.0%
SFR_1                0      0       0     200        0.0%
BITSFR               0      0       0     200        0.0%
SFR                  0      0       0     200        0.0%
STACK                0      0       0       2        0.0%
NULL                 0      0       0       0        0.0%
ABS                  0      0       D      69        0.0%
DATA                 0      0       D       3        0.0%
CODE                 0      0       0       0        0.0%


Microchip Technology PIC18 Macro Assembler V2.31 build 20201012212115 
Symbol Table                                                                                   Fri Feb 19 00:32:06 2021

     __size_of_SysTickSetup 0022                          l20 FFB6                          l23 FFD8  
                        l17 FF72                          l26 FF74                          l61 FF76  
                        l65 FF9E                          u10 FF98                          u11 FF94  
                       l741 FFA0                         l743 FFAE                         l751 FF98  
                       l745 FFB2                         l771 FFDC                         l749 FF8A  
                       l781 FFF0                         l773 FFE0                         l767 FFB8  
                       l775 FFE4                         l777 FFE8                         l769 FFDA  
                       l779 FFEC                         wreg 0004E8                        _LATA 0004BE  
                      _main FFDA                _SysTickSetup FFB8                        start FFFC  
      __size_of_SystemSleep 0002                ___param_bank 000000                  _ClockSetup FF72  
                     ?_main 0000                       _PORTB 0004CF                       _TRISA 0004C6  
                     _TRISB 0004C7             __initialization FF78                __end_of_main FFFC  
                    ??_main 0000               __activetblptr 000000                      _ANSELA 000400  
                    _ANSELB 000408          __size_of_GpioSetup 0018                 ?_ClockSetup 0000  
                    clear_0 FF7E                  _UserAppRun FF8A                  __accesstop 0560  
   __end_of__initialization FF84               ___rparam_used 000001            _G_u8UserAppFlags 050D  
            __pcstackCOMRAM 0000           __end_of_GpioSetup FFB8         __size_of_ClockSetup 0002  
               ?_UserAppRun 0000               ??_SystemSleep 0000                     __Hparam 0000  
                   __Lparam 0000                     __pcinit FF78                     __ramtop 2600  
                   __ptext0 FFDA                     __ptext1 FF8A                     __ptext2 FF76  
                   __ptext3 FF74                     __ptext4 FFB8                     __ptext5 FFA0  
                   __ptext6 FF72        end_of_initialization FF84            _G_u32SystemFlags 0501  
                   postinc0 0004EE         __end_of_SystemSleep FF76                ??_ClockSetup 0000  
       __size_of_UserAppRun 0016          __end_of_ClockSetup FF74                   _GpioSetup FFA0  
       start_initialization FF78               ?_SysTickSetup 0000                 _SystemSleep FF74  
                ?_GpioSetup 0000                 __pbssCOMRAM 0501           _UserAppInitialize FF76  
              ??_UserAppRun 0000          ?_UserAppInitialize 0000              ??_SysTickSetup 0000  
       ??_UserAppInitialize 0000          __end_of_UserAppRun FFA0   __end_of_UserAppInitialize FF78  
               ??_GpioSetup 0000                    __Hrparam 0000                    __Lrparam 0000  
      __end_of_SysTickSetup FFDA  __size_of_UserAppInitialize 0002               __size_of_main 0022  
              ?_SystemSleep 0000          _G_u32SystemTime1ms 0509           _G_u32SystemTime1s 0505  
